==================================
Sending to MQTT: 2018-07-04 17:34:21.533
{
  "mType": "iqmeshNetwork_BondNodeLocal",
  "data": {
    "msgId": "07f80295-01d6-4a44-b082-8cc285d9fa7c",
    "repeat": 1,
    "req": {
      "deviceAddr": 5
    },
    "returnVerbose": true
  }
}
Received from MQTT: 2018-07-04 17:34:32.784
{
    "mType": "iqmeshNetwork_BondNodeLocal",
    "data": {
        "msgId": "MqttMessaging1",
        "statusStr": "Dpa error.",
        "status": 1004,
        "raw": [
            {
                "request": "00.00.00.02.ff.ff",
                "requestTs": "2018-07-04T15:34:22.983519",
                "confirmation": "",
                "confirmationTs": "",
                "response": "00.00.00.82.00.00.00.00.08.00.00.00.00.00.00.00.00.00.00.00.00.00.00.00.00.00.00.00.00.00.00.00.00.00.00.00.00.00.37.34",
                "responseTs": "2018-07-04T15:34:23.22483"
            },
            {
                "request": "00.00.00.04.ff.ff.00.00",
                "requestTs": "2018-07-04T15:34:23.23524",
                "confirmation": "",
                "confirmationTs": "",
                "response": "",
                "responseTs": ""
            },
            {
                "request": "00.00.00.04.ff.ff.00.00",
                "requestTs": "2018-07-04T15:34:33.630532",
                "confirmation": "",
                "confirmationTs": "",
                "response": "00.00.00.84.00.00.01.00",
                "responseTs": "2018-07-04T15:34:34.193957"
            }
        ]
    }
}
2018-07-04 17:34:33.224
==================================

==================================
Sending to WebSocket: 2018-07-11 14:20:11.022
{
  "mType": "iqmeshNetwork_BondNodeLocal",
  "data": {
    "msgId": "testIqmeshBondNodeLocal",
    "repeat": 1,
    "req": {
      "deviceAddr": 1
    },
    "returnVerbose": true
  }
}
Received from WebSocket: 2018-07-11 14:20:13.935
{
    "mType": "iqmeshNetwork_BondNodeLocal",
    "data": {
        "msgId": "testIqmeshBondNodeLocal",
        "statusStr": "Dpa error",
        "status": 1006,
        "raw": [
            {
                "request": "00.00.00.02.ff.ff",
                "requestTs": "2018-07-11T14:20:11.246949",
                "confirmation": "",
                "confirmationTs": "",
                "response": "00.00.00.82.00.00.00.00.40.00.00.00.00.00.00.00.00.00.00.00.00.00.00.00.00.00.00.00.00.00.00.00.00.00.00.00.00.00.00.00",
                "responseTs": "2018-07-11T14:20:11.282765"
            },
            {
                "request": "00.00.00.04.ff.ff.32.30",
                "requestTs": "2018-07-11T14:20:11.283868",
                "confirmation": "",
                "confirmationTs": "",
                "response": "00.00.00.84.00.00.00.00.32.02",
                "responseTs": "2018-07-11T14:20:12.240578"
            },
            {
                "request": "01.00.02.00.ff.ff",
                "requestTs": "2018-07-11T14:20:12.241674",
                "confirmation": "",
                "confirmationTs": "",
                "response": "01.00.02.80.ff.ff.08.00",
                "responseTs": "2018-07-11T14:20:12.365838"
            },
            {
                "request": "01.00.02.00.ff.ff",
                "requestTs": "2018-07-11T14:20:12.447191",
                "confirmation": "",
                "confirmationTs": "",
                "response": "01.00.02.80.ff.ff.08.00",
                "responseTs": "2018-07-11T14:20:12.469787"
            },
            {
                "request": "00.00.00.05.ff.ff.00",
                "requestTs": "2018-07-11T14:20:12.550694",
                "confirmation": "",
                "confirmationTs": "",
                "response": "00.00.00.85.00.00.01.00",
                "responseTs": "2018-07-11T14:20:12.571538"
            },
            {
                "request": "00.00.00.05.ff.ff.00",
                "requestTs": "2018-07-11T14:20:12.572156",
                "confirmation": "",
                "confirmationTs": "",
                "response": "00.00.00.85.00.00.01.00",
                "responseTs": "2018-07-11T14:20:12.696064"
            }
        ]
    }
}
2018-07-11 14:20:14.401
==================================

==================================
Sending to WebSocket: 2018-07-11 14:56:52.151
{
  "mType": "iqmeshNetwork_BondNodeLocal",
  "data": {
    "msgId": "testIqmeshBondNodeLocal",
    "repeat": 1,
    "req": {
      "deviceAddr": 1
    },
    "returnVerbose": true
  }
}
Received from WebSocket: 2018-07-11 14:56:58.473
{
    "mType": "iqmeshNetwork_BondNodeLocal",
    "data": {
        "msgId": "testIqmeshBondNodeLocal",
        "status": 0,
        "statusStr": "ok",
        "rsp": {
            "assignedAddr": 1,
            "nodesNr": 3,
            "manufacturer": "",
            "product": "",
            "osRead": {
                "mid": "db.2f.10.81",
                "osVersion": "43",
                "trMcuType": "24",
                "osBuild": "08bf",
                "rssi": "4c",
                "supplyVoltage": "28",
                "flags": "14",
                "slotLimits": "31"
            }
        },
        "raw": [
            {
                "request": "00.00.00.02.ff.ff",
                "requestTs": "2018-07-11T14:56:52.570253",
                "confirmation": "",
                "confirmationTs": "",
                "response": "00.00.00.82.00.00.00.00.40.00.00.00.00.00.04.00.00.00.00.00.00.00.00.00.00.00.00.00.00.00.00.00.00.00.00.00.00.00.00.00",
                "responseTs": "2018-07-11T14:56:52.608490"
            },
            {
                "request": "00.00.00.04.ff.ff.01.00",
                "requestTs": "2018-07-11T14:56:52.609061",
                "confirmation": "",
                "confirmationTs": "",
                "response": "00.00.00.84.00.00.00.00.01.03",
                "responseTs": "2018-07-11T14:56:57.867704"
            },
            {
                "request": "01.00.02.00.ff.ff",
                "requestTs": "2018-07-11T14:56:57.868900",
                "confirmation": "01.00.02.00.ff.ff.ff.00.00.04.00",
                "confirmationTs": "2018-07-11T14:56:58.2951",
                "response": "",
                "responseTs": ""
            },
            {
                "request": "01.00.02.00.ff.ff",
                "requestTs": "2018-07-11T14:56:58.504248",
                "confirmation": "01.00.02.00.ff.ff.ff.00.00.04.00",
                "confirmationTs": "2018-07-11T14:56:58.531159",
                "response": "01.00.02.80.02.0c.00.4c.db.2f.10.81.43.24.bf.08.4c.28.14.31.a7.d2.22.9d.ea.4d.49.40.18.35.04.c9.88.17.1f.39",
                "responseTs": "2018-07-11T14:56:58.639193"
            }
        ]
    }
}
2018-07-11 14:56:58.973
==================================

==================================
Sending to WebSocket: 2018-07-11 16:23:22.56
{
  "mType": "iqmeshNetwork_BondNodeLocal",
  "data": {
    "msgId": "testIqmeshBondNodeLocal",
    "repeat": 1,
    "req": {
      "deviceAddr": 1
    },
    "returnVerbose": true
  }
}
Received from WebSocket: 2018-07-11 16:23:26.464
{
    "mType": "iqmeshNetwork_BondNodeLocal",
    "data": {
        "msgId": "testIqmeshBondNodeLocal",
        "status": 0,
        "statusStr": "ok",
        "rsp": {
            "assignedAddr": 1,
            "nodesNr": 1,
            "manufacturer": "",
            "product": "",
            "osRead": {
                "mid": "db.2f.10.81",
                "osVersion": "43",
                "trMcuType": "24",
                "osBuild": "08bf",
                "rssi": "51",
                "supplyVoltage": "28",
                "flags": "14",
                "slotLimits": "31"
            }
        },
        "raw": [
            {
                "request": "00.00.00.02.ff.ff",
                "requestTs": "2018-07-11T16:23:21.867290",
                "confirmation": "",
                "confirmationTs": "",
                "response": "00.00.00.82.00.00.00.4c.00.00.00.00.00.00.00.00.00.00.00.00.00.00.00.00.00.00.00.00.00.00.00.00.00.00.00.00.00.00.00.00",
                "responseTs": "2018-07-11T16:23:21.902686"
            },
            {
                "request": "00.00.00.04.ff.ff.01.00",
                "requestTs": "2018-07-11T16:23:21.903384",
                "confirmation": "",
                "confirmationTs": "",
                "response": "00.00.00.84.00.00.00.4c.01.01",
                "responseTs": "2018-07-11T16:23:25.120955"
            },
            {
                "request": "01.00.02.00.ff.ff",
                "requestTs": "2018-07-11T16:23:25.122176",
                "confirmation": "01.00.02.00.ff.ff.ff.4c.00.04.00",
                "confirmationTs": "2018-07-11T16:23:25.247109",
                "response": "01.00.02.80.02.0c.00.51.db.2f.10.81.43.24.bf.08.51.28.14.31.a7.d2.22.9d.ea.4d.49.40.18.35.04.c9.88.17.1f.39",
                "responseTs": "2018-07-11T16:23:25.535664"
            }
        ]
    }
}
2018-07-11 16:23:26.982
==================================

==================================
Sending to WebSocket: 2018-07-11 17:52:41.662
{
  "mType": "iqmeshNetwork_BondNodeLocal",
  "data": {
    "msgId": "testIqmeshBondNodeLocal",
    "repeat": 1,
    "req": {
      "deviceAddr": 2
    },
    "returnVerbose": true
  }
}
Received from WebSocket: 2018-07-11 17:52:46.068
{
    "mType": "iqmeshNetwork_BondNodeLocal",
    "data": {
        "msgId": "testIqmeshBondNodeLocal",
        "status": 0,
        "statusStr": "ok",
        "rsp": {
            "assignedAddr": 2,
            "nodesNr": 2,
            "manufacturer": "",
            "product": "",
            "osRead": {
                "mid": "db.2f.10.81",
                "osVersion": "43",
                "trMcuType": "24",
                "osBuild": "08bf",
                "rssi": "5c",
                "supplyVoltage": "28",
                "flags": "14",
                "slotLimits": "31"
            }
        },
        "raw": [
            {
                "request": "00.00.00.02.ff.ff",
                "requestTs": "2018-07-11T17:52:41.71257",
                "confirmation": "",
                "confirmationTs": "",
                "response": "00.00.00.82.00.00.00.50.02.00.00.00.00.00.00.00.00.00.00.00.00.00.00.00.00.00.00.00.00.00.00.00.00.00.00.00.00.00.37.34",
                "responseTs": "2018-07-11T17:52:41.112641"
            },
            {
                "request": "00.00.00.04.ff.ff.02.00",
                "requestTs": "2018-07-11T17:52:41.113391",
                "confirmation": "",
                "confirmationTs": "",
                "response": "00.00.00.84.00.00.00.50.02.02",
                "responseTs": "2018-07-11T17:52:44.467431"
            },
            {
                "request": "02.00.02.00.ff.ff",
                "requestTs": "2018-07-11T17:52:44.468101",
                "confirmation": "02.00.02.00.ff.ff.ff.50.00.04.00",
                "confirmationTs": "2018-07-11T17:52:44.590923",
                "response": "",
                "responseTs": ""
            },
            {
                "request": "02.00.02.00.ff.ff",
                "requestTs": "2018-07-11T17:52:45.92203",
                "confirmation": "02.00.02.00.ff.ff.ff.50.00.04.00",
                "confirmationTs": "2018-07-11T17:52:45.122696",
                "response": "02.00.02.80.02.0c.00.5c.db.2f.10.81.43.24.bf.08.5c.28.14.31.a7.d2.22.9d.ea.4d.49.40.18.35.04.c9.88.17.1f.39",
                "responseTs": "2018-07-11T17:52:45.229961"
            }
        ]
    }
}
2018-07-11 17:52:46.556
==================================

==================================
Sending to WebSocket: 2018-07-11 17:53:29.016
{
  "mType": "iqmeshNetwork_BondNodeLocal",
  "data": {
    "msgId": "testIqmeshBondNodeLocal",
    "repeat": 1,
    "req": {
      "deviceAddr": 3
    },
    "returnVerbose": true
  }
}
Received from WebSocket: 2018-07-11 17:53:32.268
{
    "mType": "iqmeshNetwork_BondNodeLocal",
    "data": {
        "msgId": "testIqmeshBondNodeLocal",
        "status": 0,
        "statusStr": "ok",
        "rsp": {
            "assignedAddr": 3,
            "nodesNr": 3,
            "manufacturer": "",
            "product": "",
            "osRead": {
                "mid": "c4.2f.10.81",
                "osVersion": "43",
                "trMcuType": "24",
                "osBuild": "08bf",
                "rssi": "4d",
                "supplyVoltage": "28",
                "flags": "10",
                "slotLimits": "31"
            }
        },
        "raw": [
            {
                "request": "00.00.00.02.ff.ff",
                "requestTs": "2018-07-11T17:53:28.426488",
                "confirmation": "",
                "confirmationTs": "",
                "response": "00.00.00.82.00.00.00.5c.06.00.00.00.00.00.00.00.00.00.00.00.00.00.00.00.00.00.00.00.00.00.00.00.00.00.00.00.00.00.98.bd",
                "responseTs": "2018-07-11T17:53:28.453775"
            },
            {
                "request": "00.00.00.04.ff.ff.03.00",
                "requestTs": "2018-07-11T17:53:28.454180",
                "confirmation": "",
                "confirmationTs": "",
                "response": "00.00.00.84.00.00.00.5c.03.03",
                "responseTs": "2018-07-11T17:53:30.675110"
            },
            {
                "request": "03.00.02.00.ff.ff",
                "requestTs": "2018-07-11T17:53:30.676169",
                "confirmation": "03.00.02.00.ff.ff.ff.5c.00.04.00",
                "confirmationTs": "2018-07-11T17:53:30.809724",
                "response": "",
                "responseTs": ""
            },
            {
                "request": "03.00.02.00.ff.ff",
                "requestTs": "2018-07-11T17:53:31.311322",
                "confirmation": "03.00.02.00.ff.ff.ff.5c.00.04.00",
                "confirmationTs": "2018-07-11T17:53:31.342869",
                "response": "03.00.02.80.00.00.00.4d.c4.2f.10.81.43.24.bf.08.4d.28.10.31.5c.53.cd.39.14.6b.58.1a.87.96.4c.e0.07.f8.14.f9",
                "responseTs": "2018-07-11T17:53:31.449527"
            }
        ]
    }
}
2018-07-11 17:53:32.816
==================================

==================================
Sending to WebSocket: 2018-07-12 21:31:31.921
{
  "mType": "iqmeshNetwork_BondNodeLocal",
  "data": {
    "msgId": "testIqmeshBondNodeLocal",
    "repeat": 1,
    "req": {
      "deviceAddr": 1
    },
    "returnVerbose": true
  }
}
Received from WebSocket: 2018-07-12 21:31:42.504
{
    "mType": "iqmeshNetwork_BondNodeLocal",
    "data": {
        "msgId": "testIqmeshBondNodeLocal",
        "statusStr": "Transaction error.",
        "status": 1004,
        "raw": [
            {
                "request": "00.00.00.02.ff.ff",
                "requestTs": "2018-07-12T21:31:31.979180",
                "confirmation": "",
                "confirmationTs": "",
                "response": "00.00.00.82.00.00.00.00.00.00.00.00.00.00.00.00.00.00.00.00.00.00.00.00.00.00.00.00.00.00.00.00.00.00.00.00.00.00.00.00",
                "responseTs": "2018-07-12T21:31:32.11648"
            },
            {
                "request": "00.00.00.04.ff.ff.01.00",
                "requestTs": "2018-07-12T21:31:32.12430",
                "confirmation": "",
                "confirmationTs": "",
                "response": "",
                "responseTs": ""
            }
        ]
    }
}
2018-07-12 21:31:42.963
==================================

==================================
Sending to WebSocket: 2018-07-12 21:32:52.618
{
  "mType": "iqmeshNetwork_BondNodeLocal",
  "data": {
    "msgId": "testIqmeshBondNodeLocal",
    "repeat": 1,
    "req": {
      "deviceAddr": 1
    },
    "returnVerbose": true
  }
}
Received from WebSocket: 2018-07-12 21:33:01.662
{
    "mType": "iqmeshNetwork_BondNodeLocal",
    "data": {
        "msgId": "testIqmeshBondNodeLocal",
        "status": 0,
        "statusStr": "ok",
        "rsp": {
            "assignedAddr": 1,
            "nodesNr": 1,
            "manufacturer": "",
            "product": "",
            "osRead": {
                "mid": "06.30.10.81",
                "osVersion": "43",
                "trMcuType": "24",
                "osBuild": "08bf",
                "rssi": "3c",
                "supplyVoltage": "27",
                "flags": "14",
                "slotLimits": "31"
            }
        },
        "raw": [
            {
                "request": "00.00.00.02.ff.ff",
                "requestTs": "2018-07-12T21:32:52.372318",
                "confirmation": "",
                "confirmationTs": "",
                "response": "00.00.00.82.00.00.00.00.00.00.00.00.00.00.00.00.00.00.00.00.00.00.00.00.00.00.00.00.00.00.00.00.00.00.00.00.00.00.00.00",
                "responseTs": "2018-07-12T21:32:52.400801"
            },
            {
                "request": "00.00.00.04.ff.ff.01.00",
                "requestTs": "2018-07-12T21:32:52.401429",
                "confirmation": "",
                "confirmationTs": "",
                "response": "00.00.00.84.00.00.00.00.01.01",
                "responseTs": "2018-07-12T21:33:00.370255"
            },
            {
                "request": "01.00.02.00.ff.ff",
                "requestTs": "2018-07-12T21:33:00.371596",
                "confirmation": "01.00.02.00.ff.ff.ff.00.00.04.00",
                "confirmationTs": "2018-07-12T21:33:00.507401",
                "response": "",
                "responseTs": ""
            },
            {
                "request": "01.00.02.00.ff.ff",
                "requestTs": "2018-07-12T21:33:01.8424",
                "confirmation": "01.00.02.00.ff.ff.ff.00.00.04.00",
                "confirmationTs": "2018-07-12T21:33:01.35970",
                "response": "01.00.02.80.02.00.00.3c.06.30.10.81.43.24.bf.08.3c.27.14.31.6a.21.c0.d0.4a.a4.40.48.06.d9.77.0c.5b.02.b2.1b",
                "responseTs": "2018-07-12T21:33:01.148876"
            }
        ]
    }
}
2018-07-12 21:33:02.154
==================================

==================================
Sending to WebSocket: 2018-07-17 17:14:55.456
{
  "mType": "iqmeshNetwork_BondNodeLocal",
  "data": {
    "msgId": "testIqmeshBondNodeLocal",
    "repeat": 1,
    "req": {
      "deviceAddr": 3
    },
    "returnVerbose": true
  }
}
Received from WebSocket: 2018-07-17 17:15:05.725
{
    "mType": "iqmeshNetwork_BondNodeLocal",
    "data": {
        "msgId": "testIqmeshBondNodeLocal",
        "statusStr": "Transaction error.",
        "status": 1004,
        "raw": [
            {
                "request": "00.00.00.02.ff.ff",
                "requestTs": "2018-07-17T17:14:55.946439",
                "confirmation": "",
                "confirmationTs": "",
                "response": "00.00.00.82.00.00.00.3b.06.00.00.00.00.00.00.00.00.00.00.00.00.00.00.00.00.00.00.00.00.00.00.00.00.00.00.00.00.00.00.00",
                "responseTs": "2018-07-17T17:14:55.977644"
            },
            {
                "request": "00.00.00.04.ff.ff.03.00",
                "requestTs": "2018-07-17T17:14:55.978483",
                "confirmation": "",
                "confirmationTs": "",
                "response": "",
                "responseTs": ""
            }
        ]
    }
}
2018-07-17 17:15:06.274
==================================

==================================
Sending to WebSocket: 2018-07-17 17:16:51.131
{
  "mType": "iqmeshNetwork_BondNodeLocal",
  "data": {
    "msgId": "testIqmeshBondNodeLocal",
    "repeat": 1,
    "req": {
      "deviceAddr": 3
    },
    "returnVerbose": true
  }
}
Received from WebSocket: 2018-07-17 17:16:55.666
{
    "mType": "messageError",
    "data": {
        "msgId": "undefined",
        "rsp": {
            "wrongMsg": "{\r\n  \"mType\": \"iqmeshNetwork_BondNodeLocal\",\r\n  \"data\": {\r\n    \"msgId\": \"testIqmeshBondNodeLocal\",\r\n    \"repeat\": 1,\r\n    \"req\": {\r\n      \"deviceAddr\": 3\r\n    },\r\n    \"returnVerbose\": true\r\n  }\r\n}",
            "errorStr": "Unhandled exception: Invalid response: mType=\"iqmeshNetwork_BondNodeLocal\" schema=\"#/properties/data/properties/rsp/properties/osRead/properties/mid\" keyword=\"type\" message=\"#/data/rsp/osRead/mid\" "
        },
        "insId": "iqrfgd2-1",
        "statusStr": "err",
        "status": -1
    }
}
2018-07-17 17:16:56.137
==================================

==================================
Sending to WebSocket: 2018-07-18 14:40:29.052
{
  "mType": "iqmeshNetwork_BondNodeLocal",
  "data": {
    "msgId": "testIqmeshBondNodeLocal",
    "repeat": 1,
    "req": {
      "deviceAddr": 3
    },
    "returnVerbose": true
  }
}
Received from WebSocket: 2018-07-18 14:40:29.547
{
    "mType": "iqmeshNetwork_BondNodeLocal",
    "data": {
        "msgId": "testIqmeshBondNodeLocal",
        "statusStr": "Dpa error.",
        "status": 1004,
        "raw": [
            {
                "request": "00.00.00.02.ff.ff",
                "requestTs": "2018-07-18T14:40:30.338343",
                "confirmation": "",
                "confirmationTs": "",
                "response": "00.00.00.82.00.00.00.3f.0e.00.00.00.00.00.00.00.00.00.00.00.00.00.00.00.00.00.00.00.00.00.00.00.00.00.00.00.00.00.00.00",
                "responseTs": "2018-07-18T14:40:30.369867"
            },
            {
                "request": "00.00.00.04.ff.ff.03.00",
                "requestTs": "2018-07-18T14:40:30.370531",
                "confirmation": "",
                "confirmationTs": "",
                "response": "00.00.00.84.00.00.01.3f",
                "responseTs": "2018-07-18T14:40:30.664718"
            }
        ]
    }
}
2018-07-18 14:40:30.004
==================================

==================================
Sending to WebSocket: 2018-07-18 14:42:15.331
{
  "mType": "iqmeshNetwork_BondNodeLocal",
  "data": {
    "msgId": "testIqmeshBondNodeLocal",
    "repeat": 1,
    "req": {
      "deviceAddr": 4
    },
    "returnVerbose": true
  }
}
Received from WebSocket: 2018-07-18 14:42:25.586
{
    "mType": "iqmeshNetwork_BondNodeLocal",
    "data": {
        "msgId": "testIqmeshBondNodeLocal",
        "statusStr": "Transaction error.",
        "status": 1004,
        "raw": [
            {
                "request": "00.00.00.02.ff.ff",
                "requestTs": "2018-07-18T14:42:16.551704",
                "confirmation": "",
                "confirmationTs": "",
                "response": "00.00.00.82.00.00.00.3f.0e.00.00.00.00.00.00.00.00.00.00.00.00.00.00.00.00.00.00.00.00.00.00.00.00.00.00.00.00.00.00.00",
                "responseTs": "2018-07-18T14:42:16.581030"
            },
            {
                "request": "00.00.00.04.ff.ff.04.00",
                "requestTs": "2018-07-18T14:42:16.581667",
                "confirmation": "",
                "confirmationTs": "",
                "response": "",
                "responseTs": ""
            }
        ]
    }
}
2018-07-18 14:42:26.07
==================================

==================================
Sending to WebSocket: 2018-07-18 14:42:43.266
{
  "mType": "iqmeshNetwork_BondNodeLocal",
  "data": {
    "msgId": "testIqmeshBondNodeLocal",
    "repeat": 1,
    "req": {
      "deviceAddr": 4
    },
    "returnVerbose": true
  }
}
Received from WebSocket: 2018-07-18 14:42:53.555
{
    "mType": "iqmeshNetwork_BondNodeLocal",
    "data": {
        "msgId": "testIqmeshBondNodeLocal",
        "statusStr": "Transaction error.",
        "status": 1004,
        "raw": [
            {
                "request": "00.00.00.02.ff.ff",
                "requestTs": "2018-07-18T14:42:44.480386",
                "confirmation": "",
                "confirmationTs": "",
                "response": "00.00.00.82.00.00.00.3f.0e.00.00.00.00.00.00.00.00.00.00.00.00.00.00.00.00.00.00.00.00.00.00.00.00.00.00.00.00.00.00.00",
                "responseTs": "2018-07-18T14:42:44.517195"
            },
            {
                "request": "00.00.00.04.ff.ff.04.00",
                "requestTs": "2018-07-18T14:42:44.517834",
                "confirmation": "",
                "confirmationTs": "",
                "response": "",
                "responseTs": ""
            }
        ]
    }
}
2018-07-18 14:42:54.1
==================================

==================================
Sending to WebSocket: 2018-07-18 14:45:10.666
{
  "mType": "iqmeshNetwork_BondNodeLocal",
  "data": {
    "msgId": "testIqmeshBondNodeLocal",
    "repeat": 1,
    "req": {
      "deviceAddr": 4
    },
    "returnVerbose": true
  }
}
Received from WebSocket: 2018-07-18 14:45:14.442
{
    "mType": "messageError",
    "data": {
        "msgId": "undefined",
        "rsp": {
            "wrongMsg": "{\r\n  \"mType\": \"iqmeshNetwork_BondNodeLocal\",\r\n  \"data\": {\r\n    \"msgId\": \"testIqmeshBondNodeLocal\",\r\n    \"repeat\": 1,\r\n    \"req\": {\r\n      \"deviceAddr\": 4\r\n    },\r\n    \"returnVerbose\": true\r\n  }\r\n}",
            "errorStr": "Unhandled exception: Invalid response: mType=\"iqmeshNetwork_BondNodeLocal\" schema=\"#/properties/data/properties/rsp/properties/osRead/properties/mid\" keyword=\"type\" message=\"#/data/rsp/osRead/mid\" "
        },
        "insId": "iqrfgd2-1",
        "statusStr": "err",
        "status": -1
    }
}
2018-07-18 14:45:14.872
==================================

==================================
Sending to WebSocket: 2018-10-18 13:33:59.439
{
  "mType": "iqmeshNetwork_BondNodeLocal",
  "data": {
    "msgId": "testIqmeshBondNodeLocal",
    "repeat": 1,
    "req": {
      "deviceAddr": 1
    },
    "returnVerbose": true
  }
}
Received from WebSocket: 2018-10-18 13:34:10.328
{
    "mType": "iqmeshNetwork_BondNodeLocal",
    "data": {
        "msgId": "testIqmeshBondNodeLocal",
        "statusStr": "Transaction error",
        "status": 1007,
        "raw": [
            {
                "request": "00.00.00.02.ff.ff",
                "requestTs": "2018-10-18T13:33:59.305197",
                "confirmation": "",
                "confirmationTs": "",
                "response": "00.00.00.82.00.00.00.38.fc.ff.00.00.00.00.00.00.00.00.00.00.00.00.00.00.00.00.00.00.00.00.00.00.00.00.00.00.00.00.03.00",
                "responseTs": "2018-10-18T13:33:59.343919"
            },
            {
                "request": "00.00.00.04.ff.ff.01.00",
                "requestTs": "2018-10-18T13:33:59.344568",
                "confirmation": "",
                "confirmationTs": "",
                "response": "00.00.00.84.00.00.00.38.01.0f",
                "responseTs": "2018-10-18T13:34:04.46067"
            },
            {
                "request": "01.00.02.00.ff.ff",
                "requestTs": "2018-10-18T13:34:04.546842",
                "confirmation": "01.00.02.00.ff.ff.ff.38.0d.08.0d",
                "confirmationTs": "2018-10-18T13:34:04.580468",
                "response": "",
                "responseTs": ""
            },
            {
                "request": "01.00.02.00.ff.ff",
                "requestTs": "2018-10-18T13:34:07.281071",
                "confirmation": "01.00.02.00.ff.ff.ff.38.0d.08.0d",
                "confirmationTs": "2018-10-18T13:34:07.307981",
                "response": "",
                "responseTs": ""
            },
            {
                "request": "00.00.00.05.ff.ff.01",
                "requestTs": "2018-10-18T13:34:10.8689",
                "confirmation": "",
                "confirmationTs": "",
                "response": "00.00.00.85.00.00.00.38.0e",
                "responseTs": "2018-10-18T13:34:10.39934"
            }
        ]
    }
}
2018-10-18 13:34:10.792
==================================

==================================
Sending to WebSocket: 2018-10-18 13:37:32.949
{
  "mType": "iqmeshNetwork_BondNodeLocal",
  "data": {
    "msgId": "testIqmeshBondNodeLocal",
    "repeat": 1,
    "req": {
      "deviceAddr": 1
    },
    "returnVerbose": true
  }
}
Received from WebSocket: 2018-10-18 13:37:40.988
{
    "mType": "iqmeshNetwork_BondNodeLocal",
    "data": {
        "msgId": "testIqmeshBondNodeLocal",
        "rsp": {
            "assignedAddr": 1,
            "nodesNr": 15,
            "hwpId": 0,
            "manufacturer": "IQRF Tech s.r.o.",
            "product": "Plain DPA without Custom DPA Handler",
            "osRead": {
                "mid": "81103000",
                "osVersion": "4.03D",
                "trMcuType": {
                    "value": 36,
                    "trType": "(DC)TR-72Dx",
                    "fccCertified": false,
                    "mcuType": "PIC16LF1938"
                },
                "osBuild": "08c8",
                "rssi": "-53 dBm",
                "supplyVoltage": "2.97 V",
                "flags": {
                    "value": 16,
                    "insufficientOsBuild": false,
                    "interfaceType": "SPI",
                    "dpaHandlerDetected": false,
                    "dpaHandlerNotDetectedButEnabled": false,
                    "noInterfaceSupported": true
                },
                "slotLimits": {
                    "value": 117,
                    "shortestTimeslot": "80 ms",
                    "longestTimeslot": "100 ms"
                },
                "ibk": [
                    59,
                    74,
                    82,
                    191,
                    254,
                    53,
                    210,
                    44,
                    86,
                    242,
                    55,
                    243,
                    204,
                    23,
                    213,
                    187
                ]
            }
        },
        "raw": [
            {
                "request": "00.00.00.02.ff.ff",
                "requestTs": "2018-10-18T13:37:32.810042",
                "confirmation": "",
                "confirmationTs": "",
                "response": "00.00.00.82.00.00.00.38.fc.ff.00.00.00.00.00.00.00.00.00.00.00.00.00.00.00.00.00.00.00.00.00.00.00.00.00.00.00.00.03.00",
                "responseTs": "2018-10-18T13:37:32.841448"
            },
            {
                "request": "00.00.00.04.ff.ff.01.00",
                "requestTs": "2018-10-18T13:37:32.841868",
                "confirmation": "",
                "confirmationTs": "",
                "response": "00.00.00.84.00.00.00.38.01.0f",
                "responseTs": "2018-10-18T13:37:36.547614"
            },
            {
                "request": "01.00.02.00.ff.ff",
                "requestTs": "2018-10-18T13:37:37.48938",
                "confirmation": "01.00.02.00.ff.ff.ff.38.0d.08.0d",
                "confirmationTs": "2018-10-18T13:37:37.75704",
                "response": "01.00.02.80.00.00.00.4d.00.30.10.81.43.24.c8.08.4d.27.10.75.3b.4a.52.bf.fe.35.d2.2c.56.f2.37.f3.cc.17.d5.bb",
                "responseTs": "2018-10-18T13:37:38.304438"
            }
        ],
        "status": 0,
        "statusStr": "ok"
    }
}
2018-10-18 13:37:41.489
==================================

==================================
Sending to WebSocket: 2018-11-05 12:04:41.523
{
  "mType": "iqmeshNetwork_BondNodeLocal",
  "data": {
    "msgId": "testIqmeshBondNodeLocal",
    "repeat": 1,
    "req": {
      "deviceAddr": 1
    },
    "returnVerbose": true
  }
}
Received from WebSocket: 2018-11-05 12:04:54.606
{
    "mType": "iqmeshNetwork_BondNodeLocal",
    "data": {
        "msgId": "testIqmeshBondNodeLocal",
        "rsp": {
            "assignedAddr": 1,
            "nodesNr": 17,
            "hwpId": 2,
            "manufacturer": "IQRF Tech s.r.o.",
            "product": "DDC-SE-01 sensor example",
            "standards": [
                "Driver Library",
                "Embed: Coordinator",
                "Embed: Node",
                "Embed: OS",
                "Embed: EEPROM",
                "Embed: EEEPROM",
                "Embed: RAM",
                "Embed: Red LED",
                "Embed: Green LED",
                "Embed: SPI",
                "Embed: IO",
                "Embed: Thermometer",
                "Embed: UART",
                "Embed: FRC",
                "Embed: DPA Exploration"
            ],
            "osRead": {
                "mid": "81103000",
                "osVersion": "4.03D",
                "trMcuType": {
                    "value": 36,
                    "trType": "(DC)TR-72Dx",
                    "fccCertified": false,
                    "mcuType": "PIC16LF1938"
                },
                "osBuild": "08C8",
                "rssi": "-45 dBm",
                "supplyVoltage": "2.97 V",
                "flags": {
                    "value": 20,
                    "insufficientOsBuild": false,
                    "interfaceType": "SPI",
                    "dpaHandlerDetected": true,
                    "dpaHandlerNotDetectedButEnabled": false,
                    "noInterfaceSupported": true
                },
                "slotLimits": {
                    "value": 117,
                    "shortestTimeslot": "80 ms",
                    "longestTimeslot": "100 ms"
                },
                "ibk": [
                    59,
                    74,
                    82,
                    191,
                    254,
                    53,
                    210,
                    44,
                    86,
                    242,
                    55,
                    243,
                    204,
                    23,
                    213,
                    187
                ]
            }
        },
        "raw": [
            {
                "request": "00.00.00.02.ff.ff",
                "requestTs": "2018-11-05T12:04:43.420613",
                "confirmation": "",
                "confirmationTs": "",
                "response": "00.00.00.82.00.00.00.4d.fc.ff.30.00.00.00.00.00.00.00.00.00.00.00.00.00.00.00.00.00.00.00.00.00.00.00.00.00.00.00.03.00",
                "responseTs": "2018-11-05T12:04:43.457251"
            },
            {
                "request": "00.00.00.04.ff.ff.01.00",
                "requestTs": "2018-11-05T12:04:43.458531",
                "confirmation": "",
                "confirmationTs": "",
                "response": "00.00.00.84.00.00.00.4d.01.11",
                "responseTs": "2018-11-05T12:04:45.24897"
            },
            {
                "request": "01.00.02.00.ff.ff",
                "requestTs": "2018-11-05T12:04:45.526263",
                "confirmation": "01.00.02.00.ff.ff.ff.4d.0b.08.0b",
                "confirmationTs": "2018-11-05T12:04:45.555870",
                "response": "",
                "responseTs": ""
            },
            {
                "request": "01.00.02.00.ff.ff",
                "requestTs": "2018-11-05T12:04:48.377644",
                "confirmation": "01.00.02.00.ff.ff.ff.4d.0b.08.0b",
                "confirmationTs": "2018-11-05T12:04:48.541752",
                "response": "01.00.02.80.02.00.00.55.00.30.10.81.43.24.c8.08.55.27.14.75.3b.4a.52.bf.fe.35.d2.2c.56.f2.37.f3.cc.17.d5.bb",
                "responseTs": "2018-11-05T12:04:49.478293"
            },
            {
                "request": "01.00.ff.3f.ff.ff",
                "requestTs": "2018-11-05T12:04:52.60640",
                "confirmation": "01.00.ff.3f.ff.ff.ff.4a.0b.08.0b",
                "confirmationTs": "2018-11-05T12:04:52.89930",
                "response": "01.00.ff.bf.02.00.00.5a.03.03.01.fe.26.00.00.02.00.00.00.02.00.00.00.00.00.00.00.40",
                "responseTs": "2018-11-05T12:04:53.154396"
            }
        ],
        "status": 0,
        "statusStr": "ok"
    }
}
2018-11-05 12:04:55.145
==================================

==================================
Sending to WebSocket: 2018-11-05 12:27:23.302
{
  "mType": "iqmeshNetwork_BondNodeLocal",
  "data": {
    "msgId": "testIqmeshBondNodeLocal",
    "repeat": 1,
    "req": {
      "deviceAddr": 1
    },
    "returnVerbose": true
  }
}
Received from WebSocket: 2018-11-05 12:27:37.169
{
    "mType": "iqmeshNetwork_BondNodeLocal",
    "data": {
        "msgId": "testIqmeshBondNodeLocal",
        "rsp": {
            "assignedAddr": 1,
            "nodesNr": 17
        },
        "raw": [
            {
                "request": "00.00.00.02.ff.ff",
                "requestTs": "2018-11-05T12:27:24.479953",
                "confirmation": "",
                "confirmationTs": "",
                "response": "00.00.00.82.00.00.00.4a.fc.ff.30.00.00.00.00.00.00.00.00.00.00.00.00.00.00.00.00.00.00.00.00.00.00.00.00.00.00.00.03.00",
                "responseTs": "2018-11-05T12:27:24.519897"
            },
            {
                "request": "00.00.00.04.ff.ff.01.00",
                "requestTs": "2018-11-05T12:27:24.520275",
                "confirmation": "",
                "confirmationTs": "",
                "response": "00.00.00.84.00.00.00.4a.01.11",
                "responseTs": "2018-11-05T12:27:28.765900"
            },
            {
                "request": "01.00.02.00.ff.ff",
                "requestTs": "2018-11-05T12:27:29.267369",
                "confirmation": "01.00.02.00.ff.ff.ff.4a.0b.08.0b",
                "confirmationTs": "2018-11-05T12:27:29.292410",
                "response": "",
                "responseTs": ""
            },
            {
                "request": "01.00.02.00.ff.ff",
                "requestTs": "2018-11-05T12:27:32.114097",
                "confirmation": "01.00.02.00.ff.ff.ff.4a.0b.08.0b",
                "confirmationTs": "2018-11-05T12:27:32.138342",
                "response": "",
                "responseTs": ""
            },
            {
                "request": "01.00.02.00.ff.ff",
                "requestTs": "2018-11-05T12:27:34.960083",
                "confirmation": "01.00.02.00.ff.ff.ff.4a.0b.08.0b",
                "confirmationTs": "2018-11-05T12:27:34.988180",
                "response": "",
                "responseTs": ""
            },
            {
                "request": "00.00.00.05.ff.ff.01",
                "requestTs": "2018-11-05T12:27:37.810006",
                "confirmation": "",
                "confirmationTs": "",
                "response": "00.00.00.85.00.00.00.4a.10",
                "responseTs": "2018-11-05T12:27:37.839463"
            }
        ],
        "status": 1007,
        "statusStr": "Transaction error"
    }
}
2018-11-05 12:27:37.596
==================================

==================================
Sending to WebSocket: 2018-11-05 12:33:45.894
{
  "mType": "iqmeshNetwork_BondNodeLocal",
  "data": {
    "msgId": "testIqmeshBondNodeLocal",
    "repeat": 1,
    "req": {
      "deviceAddr": 1
    },
    "returnVerbose": true
  }
}
Received from WebSocket: 2018-11-05 12:34:01.592
{
    "mType": "iqmeshNetwork_BondNodeLocal",
    "data": {
        "msgId": "testIqmeshBondNodeLocal",
        "rsp": {
            "assignedAddr": 1,
            "nodesNr": 17,
            "hwpId": 2,
            "manufacturer": "IQRF Tech s.r.o.",
            "product": "DDC-SE-01 sensor example",
            "standards": [
                ""
            ],
            "osRead": {
                "mid": "81103000",
                "osVersion": "4.03D",
                "trMcuType": {
                    "value": 36,
                    "trType": "(DC)TR-72Dx",
                    "fccCertified": false,
                    "mcuType": "PIC16LF1938"
                },
                "osBuild": "08C8",
                "rssi": "-44 dBm",
                "supplyVoltage": "2.97 V",
                "flags": {
                    "value": 20,
                    "insufficientOsBuild": false,
                    "interfaceType": "SPI",
                    "dpaHandlerDetected": true,
                    "dpaHandlerNotDetectedButEnabled": false,
                    "noInterfaceSupported": true
                },
                "slotLimits": {
                    "value": 117,
                    "shortestTimeslot": "80 ms",
                    "longestTimeslot": "100 ms"
                },
                "ibk": [
                    59,
                    74,
                    82,
                    191,
                    254,
                    53,
                    210,
                    44,
                    86,
                    242,
                    55,
                    243,
                    204,
                    23,
                    213,
                    187
                ]
            }
        },
        "raw": [
            {
                "request": "00.00.00.02.ff.ff",
                "requestTs": "2018-11-05T12:33:46.755396",
                "confirmation": "",
                "confirmationTs": "",
                "response": "00.00.00.82.00.00.00.00.fc.ff.30.00.00.00.00.00.00.00.00.00.00.00.00.00.00.00.00.00.00.00.00.00.00.00.00.00.00.00.00.00",
                "responseTs": "2018-11-05T12:33:46.798685"
            },
            {
                "request": "00.00.00.04.ff.ff.01.00",
                "requestTs": "2018-11-05T12:33:46.799425",
                "confirmation": "",
                "confirmationTs": "",
                "response": "00.00.00.84.00.00.00.00.01.11",
                "responseTs": "2018-11-05T12:33:52.27368"
            },
            {
                "request": "01.00.02.00.ff.ff",
                "requestTs": "2018-11-05T12:33:52.528822",
                "confirmation": "01.00.02.00.ff.ff.ff.00.0b.08.0b",
                "confirmationTs": "2018-11-05T12:33:52.565262",
                "response": "",
                "responseTs": ""
            },
            {
                "request": "01.00.02.00.ff.ff",
                "requestTs": "2018-11-05T12:33:55.386931",
                "confirmation": "01.00.02.00.ff.ff.ff.00.0b.08.0b",
                "confirmationTs": "2018-11-05T12:33:55.418778",
                "response": "01.00.02.80.02.00.00.56.00.30.10.81.43.24.c8.08.56.27.14.75.3b.4a.52.bf.fe.35.d2.2c.56.f2.37.f3.cc.17.d5.bb",
                "responseTs": "2018-11-05T12:33:56.483454"
            },
            {
                "request": "01.00.ff.3f.ff.ff",
                "requestTs": "2018-11-05T12:33:59.66003",
                "confirmation": "01.00.ff.3f.ff.ff.ff.46.0b.08.0b",
                "confirmationTs": "2018-11-05T12:33:59.100405",
                "response": "01.00.ff.bf.02.00.00.58.03.03.01.fe.26.00.00.02.00.01.00.02.00.00.00.00.00.00.00.40",
                "responseTs": "2018-11-05T12:34:00.165789"
            }
        ],
        "status": 0,
        "statusStr": "ok"
    }
}
2018-11-05 12:34:02.066
==================================

==================================
Sending to WebSocket: 2018-11-05 13:50:05.506
{
  "mType": "iqmeshNetwork_BondNodeLocal",
  "data": {
    "msgId": "testIqmeshBondNodeLocal",
    "repeat": 1,
    "req": {
      "deviceAddr": 1
    },
    "returnVerbose": true
  }
}
Received from WebSocket: 2018-11-05 13:50:17.193
{
    "mType": "iqmeshNetwork_BondNodeLocal",
    "data": {
        "msgId": "testIqmeshBondNodeLocal",
        "rsp": {
            "assignedAddr": 1,
            "nodesNr": 17,
            "hwpId": 2,
            "manufacturer": "IQRF Tech s.r.o.",
            "product": "DDC-SE-01 sensor example",
            "standards": [
                "Driver Library",
                "IQRF: Sensor",
                "Embed: Coordinator",
                "Embed: Node",
                "Embed: OS",
                "Embed: EEPROM",
                "Embed: EEEPROM",
                "Embed: RAM",
                "Embed: Red LED",
                "Embed: Green LED",
                "Embed: SPI",
                "Embed: IO",
                "Embed: Thermometer",
                "Embed: UART",
                "Embed: FRC",
                "Embed: DPA Exploration"
            ],
            "osRead": {
                "mid": "81103000",
                "osVersion": "4.03D",
                "trMcuType": {
                    "value": 36,
                    "trType": "(DC)TR-72Dx",
                    "fccCertified": false,
                    "mcuType": "PIC16LF1938"
                },
                "osBuild": "08C8",
                "rssi": "-62 dBm",
                "supplyVoltage": "2.97 V",
                "flags": {
                    "value": 20,
                    "insufficientOsBuild": false,
                    "interfaceType": "SPI",
                    "dpaHandlerDetected": true,
                    "dpaHandlerNotDetectedButEnabled": false,
                    "noInterfaceSupported": true
                },
                "slotLimits": {
                    "value": 117,
                    "shortestTimeslot": "80 ms",
                    "longestTimeslot": "100 ms"
                },
                "ibk": [
                    59,
                    74,
                    82,
                    191,
                    254,
                    53,
                    210,
                    44,
                    86,
                    242,
                    55,
                    243,
                    204,
                    23,
                    213,
                    187
                ]
            }
        },
        "raw": [
            {
                "request": "00.00.00.02.ff.ff",
                "requestTs": "2018-11-05T13:50:06.474687",
                "confirmation": "",
                "confirmationTs": "",
                "response": "00.00.00.82.00.00.00.00.fc.ff.30.00.00.00.00.00.00.00.00.00.00.00.00.00.00.00.00.00.00.00.00.00.00.00.00.00.00.00.03.00",
                "responseTs": "2018-11-05T13:50:06.509382"
            },
            {
                "request": "00.00.00.04.ff.ff.01.00",
                "requestTs": "2018-11-05T13:50:06.509994",
                "confirmation": "",
                "confirmationTs": "",
                "response": "00.00.00.84.00.00.00.00.01.11",
                "responseTs": "2018-11-05T13:50:10.586239"
            },
            {
                "request": "01.00.02.00.ff.ff",
                "requestTs": "2018-11-05T13:50:11.87893",
                "confirmation": "01.00.02.00.ff.ff.ff.00.0b.08.0b",
                "confirmationTs": "2018-11-05T13:50:11.115396",
                "response": "01.00.02.80.02.00.00.44.00.30.10.81.43.24.c8.08.44.27.14.75.3b.4a.52.bf.fe.35.d2.2c.56.f2.37.f3.cc.17.d5.bb",
                "responseTs": "2018-11-05T13:50:12.187473"
            },
            {
                "request": "01.00.ff.3f.ff.ff",
                "requestTs": "2018-11-05T13:50:14.769844",
                "confirmation": "01.00.ff.3f.ff.ff.ff.48.0b.08.0b",
                "confirmationTs": "2018-11-05T13:50:14.799495",
                "response": "01.00.ff.bf.02.00.00.5e.03.03.01.fe.26.00.00.02.00.01.00.02.00.00.00.00.00.00.00.40",
                "responseTs": "2018-11-05T13:50:15.864665"
            }
        ],
        "status": 0,
        "statusStr": "ok"
    }
}
2018-11-05 13:50:17.642
==================================

==================================
Sending to WebSocket: 2018-11-05 14:09:15.162
{
  "mType": "iqmeshNetwork_BondNodeLocal",
  "data": {
    "msgId": "testIqmeshBondNodeLocal",
    "repeat": 1,
    "req": {
      "deviceAddr": 1
    },
    "returnVerbose": true
  }
}
Received from WebSocket: 2018-11-05 14:09:27.492
{
    "mType": "iqmeshNetwork_BondNodeLocal",
    "data": {
        "msgId": "testIqmeshBondNodeLocal",
        "rsp": {
            "assignedAddr": 1,
            "nodesNr": 17,
            "hwpId": 2,
            "manufacturer": "IQRF Tech s.r.o.",
            "product": "DDC-SE-01 sensor example",
            "standards": [
                "Driver Library",
                "IQRF: Sensor",
                "Embed: Coordinator",
                "Embed: Node",
                "Embed: OS",
                "Embed: EEPROM",
                "Embed: EEEPROM",
                "Embed: RAM",
                "Embed: Red LED",
                "Embed: Green LED",
                "Embed: SPI",
                "Embed: IO",
                "Embed: Thermometer",
                "Embed: UART",
                "Embed: FRC",
                "Embed: DPA Exploration"
            ],
            "osRead": {
                "mid": "81103000",
                "osVersion": "4.03D",
                "trMcuType": {
                    "value": 36,
                    "trType": "(DC)TR-72Dx",
                    "fccCertified": false,
                    "mcuType": "PIC16LF1938"
                },
                "osBuild": "08C8",
                "rssi": "-38 dBm",
                "supplyVoltage": "2.97 V",
                "flags": {
                    "value": 20,
                    "insufficientOsBuild": false,
                    "interfaceType": "SPI",
                    "dpaHandlerDetected": true,
                    "dpaHandlerNotDetectedButEnabled": false,
                    "noInterfaceSupported": true
                },
                "slotLimits": {
                    "value": 117,
                    "shortestTimeslot": "80 ms",
                    "longestTimeslot": "100 ms"
                },
                "ibk": [
                    59,
                    74,
                    82,
                    191,
                    254,
                    53,
                    210,
                    44,
                    86,
                    242,
                    55,
                    243,
                    204,
                    23,
                    213,
                    187
                ]
            }
        },
        "raw": [
            {
                "request": "00.00.00.02.ff.ff",
                "requestTs": "2018-11-05T14:09:16.126566",
                "confirmation": "",
                "confirmationTs": "",
                "response": "00.00.00.82.00.00.00.00.fc.ff.30.00.00.00.00.00.00.00.00.00.00.00.00.00.00.00.00.00.00.00.00.00.00.00.00.00.00.00.03.00",
                "responseTs": "2018-11-05T14:09:16.155380"
            },
            {
                "request": "00.00.00.04.ff.ff.01.00",
                "requestTs": "2018-11-05T14:09:16.155918",
                "confirmation": "",
                "confirmationTs": "",
                "response": "00.00.00.84.00.00.00.00.01.11",
                "responseTs": "2018-11-05T14:09:19.47330"
            },
            {
                "request": "01.00.02.00.ff.ff",
                "requestTs": "2018-11-05T14:09:19.304917",
                "confirmation": "01.00.02.00.ff.ff.ff.00.0b.08.0b",
                "confirmationTs": "2018-11-05T14:09:19.334298",
                "response": "",
                "responseTs": ""
            },
            {
                "request": "01.00.02.00.ff.ff",
                "requestTs": "2018-11-05T14:09:21.906113",
                "confirmation": "01.00.02.00.ff.ff.ff.00.0b.08.0b",
                "confirmationTs": "2018-11-05T14:09:21.935715",
                "response": "01.00.02.80.02.00.00.5c.00.30.10.81.43.24.c8.08.5c.27.14.75.3b.4a.52.bf.fe.35.d2.2c.56.f2.37.f3.cc.17.d5.bb",
                "responseTs": "2018-11-05T14:09:22.994645"
            },
            {
                "request": "01.00.ff.3f.ff.ff",
                "requestTs": "2018-11-05T14:09:25.76340",
                "confirmation": "01.00.ff.3f.ff.ff.ff.4b.0b.08.0b",
                "confirmationTs": "2018-11-05T14:09:25.282047",
                "response": "01.00.ff.bf.02.00.00.5c.03.03.01.fe.26.00.00.02.00.01.00.02.00.00.00.00.00.00.00.40",
                "responseTs": "2018-11-05T14:09:26.174569"
            }
        ],
        "status": 0,
        "statusStr": "ok"
    }
}
2018-11-05 14:09:27.986
==================================

==================================
Sending to WebSocket: 2018-11-05 15:07:08.229
{
  "mType": "iqmeshNetwork_BondNodeLocal",
  "data": {
    "msgId": "testIqmeshBondNodeLocal",
    "repeat": 2,
    "req": {
      "deviceAddr": 1
    },
    "returnVerbose": true
  }
}
Received from WebSocket: 2018-11-05 15:07:19.591
{
    "mType": "iqmeshNetwork_BondNodeLocal",
    "data": {
        "msgId": "testIqmeshBondNodeLocal",
        "rsp": {
            "assignedAddr": 1,
            "nodesNr": 17,
            "hwpId": 2,
            "manufacturer": "IQRF Tech s.r.o.",
            "product": "DDC-SE-01 sensor example",
            "standards": [
                "Driver Library",
                "IQRF: Sensor",
                "Embed: Coordinator",
                "Embed: Node",
                "Embed: OS",
                "Embed: EEPROM",
                "Embed: EEEPROM",
                "Embed: RAM",
                "Embed: Red LED",
                "Embed: Green LED",
                "Embed: SPI",
                "Embed: IO",
                "Embed: Thermometer",
                "Embed: UART",
                "Embed: FRC",
                "Embed: DPA Exploration"
            ],
            "osRead": {
                "mid": "81103000",
                "osVersion": "4.03D",
                "trMcuType": {
                    "value": 36,
                    "trType": "(DC)TR-72Dx",
                    "fccCertified": false,
                    "mcuType": "PIC16LF1938"
                },
                "osBuild": "08C8",
                "rssi": "-38 dBm",
                "supplyVoltage": "2.97 V",
                "flags": {
                    "value": 20,
                    "insufficientOsBuild": false,
                    "interfaceType": "SPI",
                    "dpaHandlerDetected": true,
                    "dpaHandlerNotDetectedButEnabled": false,
                    "noInterfaceSupported": true
                },
                "slotLimits": {
                    "value": 117,
                    "shortestTimeslot": "80 ms",
                    "longestTimeslot": "100 ms"
                },
                "ibk": [
                    59,
                    74,
                    82,
                    191,
                    254,
                    53,
                    210,
                    44,
                    86,
                    242,
                    55,
                    243,
                    204,
                    23,
                    213,
                    187
                ]
            }
        },
        "raw": [
            {
                "request": "00.00.00.02.ff.ff",
                "requestTs": "2018-11-05T15:07:09.842107",
                "confirmation": "",
                "confirmationTs": "",
                "response": "00.00.00.82.00.00.00.00.fc.ff.30.00.00.00.00.00.00.00.00.00.00.00.00.00.00.00.00.00.00.00.00.00.00.00.00.00.00.00.03.00",
                "responseTs": "2018-11-05T15:07:09.885948"
            },
            {
                "request": "00.00.00.04.ff.ff.01.00",
                "requestTs": "2018-11-05T15:07:09.886923",
                "confirmation": "",
                "confirmationTs": "",
                "response": "00.00.00.84.00.00.00.00.01.11",
                "responseTs": "2018-11-05T15:07:10.861443"
            },
            {
                "request": "01.00.02.00.ff.ff",
                "requestTs": "2018-11-05T15:07:11.112983",
                "confirmation": "01.00.02.00.ff.ff.ff.00.0b.08.0b",
                "confirmationTs": "2018-11-05T15:07:11.144979",
                "response": "",
                "responseTs": ""
            },
            {
                "request": "01.00.02.00.ff.ff",
                "requestTs": "2018-11-05T15:07:13.716621",
                "confirmation": "01.00.02.00.ff.ff.ff.00.0b.08.0b",
                "confirmationTs": "2018-11-05T15:07:13.745593",
                "response": "01.00.02.80.02.00.00.5c.00.30.10.81.43.24.c8.08.5c.27.14.75.3b.4a.52.bf.fe.35.d2.2c.56.f2.37.f3.cc.17.d5.bb",
                "responseTs": "2018-11-05T15:07:14.809591"
            },
            {
                "request": "01.00.ff.3f.ff.ff",
                "requestTs": "2018-11-05T15:07:16.891671",
                "confirmation": "01.00.ff.3f.ff.ff.ff.4c.0b.08.0b",
                "confirmationTs": "2018-11-05T15:07:16.915730",
                "response": "01.00.ff.bf.02.00.00.5e.03.03.01.fe.26.00.00.02.00.01.00.02.00.00.00.00.00.00.00.40",
                "responseTs": "2018-11-05T15:07:17.979076"
            }
        ],
        "status": 0,
        "statusStr": "ok"
    }
}
2018-11-05 15:07:20.013
==================================

