==================================
Sending to MQTT: 2018-07-04 17:34:50.069
{
  "mType": "iqmeshNetwork_WriteTrConf",
  "data": {
    "msgId": "b06f76f6-7a45-44f3-86c2-765b55efba1a",
    "repeat": 1,
    "restart": false,
    "req": {
      "deviceAddr": [
        0
      ],
      "rfBand": "868",
      "rfChannelA": 52,
      "rfChannelB": 42,
      "rfSubChannelA": 51,
      "rfSubChannelB": 41,
      "txPower": 7,
      "rxFilter": 5,
      "lpRxTimeout": 5,
      "rfPgmAltChannel": 1,
      "rfPgmEnableAfterReset": false,
      "rfPgmTerminateAfter1Min": true,
      "rfPgmTerminateMcuPin": false,
      "rfPgmDualChannel": false,
      "rfPgmLpMode": false,
      "customDpaHandler": false,
      "nodeDpaInterface": false,
      "uartBaudrate": 57600,
      "dpaAutoexec": false,
      "routingOff": true,
      "ioSetup": false,
      "peerToPeer": false,
      "securityPassword": "",
      "securityUserKey": ""
    },
    "returnVerbose": true
  }
}
Received from MQTT: 2018-07-04 17:34:50.126
{
    "mType": "iqmeshNetwork_WriteTrConf",
    "data": {
        "msgId": "b06f76f6-7a45-44f3-86c2-765b55efba1a",
        "status": 1000,
        "statusStr": "UART baud rate out of valid bounds. Value: uartBaudrate=\"57600\" "
    }
}
2018-07-04 17:34:50.583
==================================

==================================
Sending to WebSocket: 2018-07-11 16:57:04.532
{
  "mType": "iqmeshNetwork_WriteTrConf",
  "data": {
    "msgId": "testIqmeshWrite",
    "repeat": 1,
    "restart": true,
    "req": {
      "deviceAddr": [
        0
      ],
      "txPower": 3
    },
    "returnVerbose": true
  }
}
Received from WebSocket: 2018-07-11 16:57:04.806
{
    "mType": "iqmeshNetwork_WriteTrConf",
    "data": {
        "msgId": "testIqmeshWrite",
        "statusStr": "No bonded nodes",
        "status": 1002,
        "raw": [
            {
                "request": "00.00.00.02.00.00",
                "requestTs": "2018-07-11T16:57:04.17549",
                "confirmation": "",
                "confirmationTs": "",
                "response": "00.00.00.82.00.00.00.50.02.00.00.00.00.00.00.00.00.00.00.00.00.00.00.00.00.00.00.00.00.00.00.00.00.00.00.00.00.00.37.34",
                "responseTs": "2018-07-11T16:57:04.57835"
            }
        ]
    }
}
2018-07-11 16:57:05.34
==================================

==================================
Sending to WebSocket: 2018-07-25 17:19:03.169
{
  "mType": "iqmeshNetwork_WriteTrConf",
  "data": {
    "msgId": "testIqmeshWrite",
    "repeat": 1,
    "restart": true,
    "req": {
      "deviceAddr": 0,
      "txPower": 4
    },
    "returnVerbose": true
  }
}
Received from WebSocket: 2018-07-25 17:19:03.475
{
    "mType": "iqmeshNetwork_WriteTrConf",
    "data": {
        "msgId": "testIqmeshWrite",
        "rsp": {
            "deviceAddr": 0,
            "writeSuccess": true,
            "restartNeeded": false
        },
        "raw": [
            {
                "request": "00.00.00.02.00.00",
                "requestTs": "2018-07-25T17:19:01.621231",
                "confirmation": "",
                "confirmationTs": "",
                "response": "00.00.00.82.00.00.00.00.1e.00.00.00.00.00.00.00.00.00.00.00.00.00.00.00.00.00.00.00.00.00.00.00.00.00.00.00.00.00.37.34",
                "responseTs": "2018-07-25T17:19:01.656555"
            },
            {
                "request": "00.00.02.09.00.00.08.04.ff",
                "requestTs": "2018-07-25T17:19:01.657159",
                "confirmation": "",
                "confirmationTs": "",
                "response": "00.00.02.89.00.00.00.00",
                "responseTs": "2018-07-25T17:19:01.796809"
            }
        ],
        "status": 0,
        "statusStr": "ok"
    }
}
2018-07-25 17:19:03.978
==================================

==================================
Sending to WebSocket: 2018-07-27 15:10:05.472
{
  "mType": "iqmeshNetwork_WriteTrConf",
  "data": {
    "msgId": "testIqmeshWrite",
    "repeat": 1,
    "restart": true,
    "req": {
      "deviceAddr": 0,
      "txPower": 3,
      "rxFilter": 5,
      "securityPassword": "",
      "securityUserKey": ""
    },
    "returnVerbose": true
  }
}
Received from WebSocket: 2018-07-27 15:10:10.274
{
    "mType": "iqmeshNetwork_WriteTrConf",
    "data": {
        "msgId": "testIqmeshWrite",
        "rsp": {
            "deviceAddr": 0,
            "writeSuccess": false,
            "restartNeeded": true
        },
        "raw": [
            {
                "request": "00.00.00.02.00.00",
                "requestTs": "2018-07-27T15:10:02.766537",
                "confirmation": "",
                "confirmationTs": "",
                "response": "00.00.00.82.00.00.00.00.1e.00.00.00.00.00.00.00.00.00.00.00.00.00.00.00.00.00.00.00.00.00.00.00.00.00.00.00.00.00.37.34",
                "responseTs": "2018-07-27T15:10:02.801489"
            },
            {
                "request": "00.00.02.09.00.00.08.03.ff.09.05.ff",
                "requestTs": "2018-07-27T15:10:02.802061",
                "confirmation": "",
                "confirmationTs": "",
                "response": "00.00.02.89.00.00.00.00",
                "responseTs": "2018-07-27T15:10:02.944023"
            },
            {
                "request": "00.00.0d.02.00.00.02.01.00.00.00.00.00.00.00.00.00.00.00.00.00.00.00.00.00.00.00.00.00.00.00.00.00.00.00.00.00.16.02.06.00.00.00.00.00.00.00.00.00.00.00.00.00.00.00.00.00.00.00",
                "requestTs": "2018-07-27T15:10:02.944565",
                "confirmation": "",
                "confirmationTs": "",
                "response": "00.00.0d.82.00.00.00.00.00.00.00.00.00.00.00.00.00.00.00.00.00.00.00.00.00.00.00.00.00.00.00.00.00.00.00.00.00.00.00.00.00.00.00.00.00.00.00.00.00.00.00.00.00.00.00.00.00.00.00.00.00.00.00.00",
                "responseTs": "2018-07-27T15:10:03.938571"
            },
            {
                "request": "00.00.0d.01.00.00",
                "requestTs": "2018-07-27T15:10:03.939065",
                "confirmation": "",
                "confirmationTs": "",
                "response": "00.00.0d.81.00.00.00.00.00.00.00.00.00.00.00.00.00",
                "responseTs": "2018-07-27T15:10:04.70064"
            },
            {
                "request": "00.00.0d.02.00.00.02.01.00.00.00.00.00.00.00.00.00.00.00.00.00.00.00.00.00.00.00.00.00.00.00.00.00.00.00.00.00.16.02.06.00.00.00.00.00.00.00.00.00.00.00.00.00.00.00.00.00.00.00",
                "requestTs": "2018-07-27T15:10:04.70547",
                "confirmation": "",
                "confirmationTs": "",
                "response": "00.00.0d.82.00.00.00.00.00.00.00.00.00.00.00.00.00.00.00.00.00.00.00.00.00.00.00.00.00.00.00.00.00.00.00.00.00.00.00.00.00.00.00.00.00.00.00.00.00.00.00.00.00.00.00.00.00.00.00.00.00.00.00.00",
                "responseTs": "2018-07-27T15:10:05.57428"
            },
            {
                "request": "00.00.0d.01.00.00",
                "requestTs": "2018-07-27T15:10:05.57802",
                "confirmation": "",
                "confirmationTs": "",
                "response": "00.00.0d.81.00.00.00.00.00.00.00.00.00.00.00.00.00",
                "responseTs": "2018-07-27T15:10:05.189218"
            },
            {
                "request": "00.00.0d.02.00.00.02.01.00.00.00.00.00.00.00.00.00.00.00.00.00.00.00.00.00.00.00.00.00.00.00.00.00.00.00.00.00.16.02.06.00.00.01.00.00.00.00.00.00.00.00.00.00.00.00.00.00.00.00",
                "requestTs": "2018-07-27T15:10:05.189692",
                "confirmation": "",
                "confirmationTs": "",
                "response": "00.00.0d.82.00.00.00.00.00.00.00.00.00.00.00.00.00.00.00.00.00.00.00.00.00.00.00.00.00.00.00.00.00.00.00.00.00.00.00.00.00.00.00.00.00.00.00.00.00.00.00.00.00.00.00.00.00.00.00.00.00.00.00.00",
                "responseTs": "2018-07-27T15:10:06.181505"
            },
            {
                "request": "00.00.0d.01.00.00",
                "requestTs": "2018-07-27T15:10:06.182055",
                "confirmation": "",
                "confirmationTs": "",
                "response": "00.00.0d.81.00.00.00.00.00.00.00.00.00.00.00.00.00",
                "responseTs": "2018-07-27T15:10:06.302734"
            },
            {
                "request": "00.00.0d.02.00.00.02.01.00.00.00.00.00.00.00.00.00.00.00.00.00.00.00.00.00.00.00.00.00.00.00.00.00.00.00.00.00.16.02.06.00.00.01.00.00.00.00.00.00.00.00.00.00.00.00.00.00.00.00",
                "requestTs": "2018-07-27T15:10:06.303181",
                "confirmation": "",
                "confirmationTs": "",
                "response": "00.00.0d.82.00.00.00.00.00.00.00.00.00.00.00.00.00.00.00.00.00.00.00.00.00.00.00.00.00.00.00.00.00.00.00.00.00.00.00.00.00.00.00.00.00.00.00.00.00.00.00.00.00.00.00.00.00.00.00.00.00.00.00.00",
                "responseTs": "2018-07-27T15:10:07.295872"
            },
            {
                "request": "00.00.0d.01.00.00",
                "requestTs": "2018-07-27T15:10:07.296296",
                "confirmation": "",
                "confirmationTs": "",
                "response": "00.00.0d.81.00.00.00.00.00.00.00.00.00.00.00.00.00",
                "responseTs": "2018-07-27T15:10:07.420170"
            }
        ],
        "status": 1000,
        "statusStr": "Node device did not respond to FRC at all."
    }
}
2018-07-27 15:10:10.697
==================================

==================================
Sending to WebSocket: 2018-07-27 15:11:20.02
{
  "mType": "iqmeshNetwork_WriteTrConf",
  "data": {
    "msgId": "testIqmeshWrite",
    "repeat": 1,
    "restart": true,
    "req": {
      "deviceAddr": 0,
      "txPower": 3,
      "rxFilter": 5
    },
    "returnVerbose": true
  }
}
Received from WebSocket: 2018-07-27 15:11:24.784
{
    "mType": "iqmeshNetwork_WriteTrConf",
    "data": {
        "msgId": "testIqmeshWrite",
        "rsp": {
            "deviceAddr": 0,
            "writeSuccess": false,
            "restartNeeded": true
        },
        "raw": [
            {
                "request": "00.00.00.02.00.00",
                "requestTs": "2018-07-27T15:11:17.298006",
                "confirmation": "",
                "confirmationTs": "",
                "response": "00.00.00.82.00.00.00.00.1e.00.00.00.00.00.00.00.00.00.00.00.00.00.00.00.00.00.00.00.00.00.00.00.00.00.00.00.00.00.00.00",
                "responseTs": "2018-07-27T15:11:17.330264"
            },
            {
                "request": "00.00.02.09.00.00.08.03.ff.09.05.ff",
                "requestTs": "2018-07-27T15:11:17.330811",
                "confirmation": "",
                "confirmationTs": "",
                "response": "00.00.02.89.00.00.00.00",
                "responseTs": "2018-07-27T15:11:17.475026"
            },
            {
                "request": "00.00.0d.02.00.00.02.01.00.00.00.00.00.00.00.00.00.00.00.00.00.00.00.00.00.00.00.00.00.00.00.00.00.00.00.00.00.16.02.06.00.00.00.00.00.00.00.00.00.00.00.00.00.00.00.00.00.00.00",
                "requestTs": "2018-07-27T15:11:17.475468",
                "confirmation": "",
                "confirmationTs": "",
                "response": "00.00.0d.82.00.00.00.00.00.00.00.00.00.00.00.00.00.00.00.00.00.00.00.00.00.00.00.00.00.00.00.00.00.00.00.00.00.00.00.00.00.00.00.00.00.00.00.00.00.00.00.00.00.00.00.00.00.00.00.00.00.00.00.00",
                "responseTs": "2018-07-27T15:11:18.469475"
            },
            {
                "request": "00.00.0d.01.00.00",
                "requestTs": "2018-07-27T15:11:18.469877",
                "confirmation": "",
                "confirmationTs": "",
                "response": "00.00.0d.81.00.00.00.00.00.00.00.00.00.00.00.00.00",
                "responseTs": "2018-07-27T15:11:18.591230"
            },
            {
                "request": "00.00.0d.02.00.00.02.01.00.00.00.00.00.00.00.00.00.00.00.00.00.00.00.00.00.00.00.00.00.00.00.00.00.00.00.00.00.16.02.06.00.00.00.00.00.00.00.00.00.00.00.00.00.00.00.00.00.00.00",
                "requestTs": "2018-07-27T15:11:18.591686",
                "confirmation": "",
                "confirmationTs": "",
                "response": "00.00.0d.82.00.00.00.00.00.00.00.00.00.00.00.00.00.00.00.00.00.00.00.00.00.00.00.00.00.00.00.00.00.00.00.00.00.00.00.00.00.00.00.00.00.00.00.00.00.00.00.00.00.00.00.00.00.00.00.00.00.00.00.00",
                "responseTs": "2018-07-27T15:11:19.592557"
            },
            {
                "request": "00.00.0d.01.00.00",
                "requestTs": "2018-07-27T15:11:19.592950",
                "confirmation": "",
                "confirmationTs": "",
                "response": "00.00.0d.81.00.00.00.00.00.00.00.00.00.00.00.00.00",
                "responseTs": "2018-07-27T15:11:19.714010"
            },
            {
                "request": "00.00.0d.02.00.00.02.01.00.00.00.00.00.00.00.00.00.00.00.00.00.00.00.00.00.00.00.00.00.00.00.00.00.00.00.00.00.16.02.06.00.00.01.00.00.00.00.00.00.00.00.00.00.00.00.00.00.00.00",
                "requestTs": "2018-07-27T15:11:19.714567",
                "confirmation": "",
                "confirmationTs": "",
                "response": "00.00.0d.82.00.00.00.00.00.00.00.00.00.00.00.00.00.00.00.00.00.00.00.00.00.00.00.00.00.00.00.00.00.00.00.00.00.00.00.00.00.00.00.00.00.00.00.00.00.00.00.00.00.00.00.00.00.00.00.00.00.00.00.00",
                "responseTs": "2018-07-27T15:11:20.702474"
            },
            {
                "request": "00.00.0d.01.00.00",
                "requestTs": "2018-07-27T15:11:20.702870",
                "confirmation": "",
                "confirmationTs": "",
                "response": "00.00.0d.81.00.00.00.00.00.00.00.00.00.00.00.00.00",
                "responseTs": "2018-07-27T15:11:20.824022"
            },
            {
                "request": "00.00.0d.02.00.00.02.01.00.00.00.00.00.00.00.00.00.00.00.00.00.00.00.00.00.00.00.00.00.00.00.00.00.00.00.00.00.16.02.06.00.00.01.00.00.00.00.00.00.00.00.00.00.00.00.00.00.00.00",
                "requestTs": "2018-07-27T15:11:20.824457",
                "confirmation": "",
                "confirmationTs": "",
                "response": "00.00.0d.82.00.00.00.00.00.00.00.00.00.00.00.00.00.00.00.00.00.00.00.00.00.00.00.00.00.00.00.00.00.00.00.00.00.00.00.00.00.00.00.00.00.00.00.00.00.00.00.00.00.00.00.00.00.00.00.00.00.00.00.00",
                "responseTs": "2018-07-27T15:11:21.818464"
            },
            {
                "request": "00.00.0d.01.00.00",
                "requestTs": "2018-07-27T15:11:21.818858",
                "confirmation": "",
                "confirmationTs": "",
                "response": "00.00.0d.81.00.00.00.00.00.00.00.00.00.00.00.00.00",
                "responseTs": "2018-07-27T15:11:21.940110"
            }
        ],
        "status": 1000,
        "statusStr": "Node device did not respond to FRC at all."
    }
}
2018-07-27 15:11:25.27
==================================

==================================
Sending to WebSocket: 2018-07-27 15:12:01.407
{
  "mType": "iqmeshNetwork_WriteTrConf",
  "data": {
    "msgId": "testIqmeshWrite",
    "repeat": 1,
    "restart": true,
    "req": {
      "deviceAddr": 0,
      "txPower": 3
    },
    "returnVerbose": true
  }
}
Received from WebSocket: 2018-07-27 15:12:06.315
{
    "mType": "iqmeshNetwork_WriteTrConf",
    "data": {
        "msgId": "testIqmeshWrite",
        "rsp": {
            "deviceAddr": 0,
            "writeSuccess": false,
            "restartNeeded": false
        },
        "raw": [
            {
                "request": "00.00.00.02.00.00",
                "requestTs": "2018-07-27T15:11:58.687074",
                "confirmation": "",
                "confirmationTs": "",
                "response": "00.00.00.82.00.00.00.00.1e.00.00.00.00.00.00.00.00.00.00.00.00.00.00.00.00.00.00.00.00.00.00.00.00.00.00.00.00.00.00.00",
                "responseTs": "2018-07-27T15:11:58.723027"
            },
            {
                "request": "00.00.02.09.00.00.08.03.ff",
                "requestTs": "2018-07-27T15:11:58.723545",
                "confirmation": "",
                "confirmationTs": "",
                "response": "00.00.02.89.00.00.00.00",
                "responseTs": "2018-07-27T15:11:58.863619"
            },
            {
                "request": "00.00.0d.02.00.00.02.01.00.00.00.00.00.00.00.00.00.00.00.00.00.00.00.00.00.00.00.00.00.00.00.00.00.00.00.00.00.16.02.06.00.00.00.00.00.00.00.00.00.00.00.00.00.00.00.00.00.00.00",
                "requestTs": "2018-07-27T15:11:58.864074",
                "confirmation": "",
                "confirmationTs": "",
                "response": "00.00.0d.82.00.00.00.00.00.00.00.00.00.00.00.00.00.00.00.00.00.00.00.00.00.00.00.00.00.00.00.00.00.00.00.00.00.00.00.00.00.00.00.00.00.00.00.00.00.00.00.00.00.00.00.00.00.00.00.00.00.00.00.00",
                "responseTs": "2018-07-27T15:11:59.863951"
            },
            {
                "request": "00.00.0d.01.00.00",
                "requestTs": "2018-07-27T15:11:59.864349",
                "confirmation": "",
                "confirmationTs": "",
                "response": "00.00.0d.81.00.00.00.00.00.00.00.00.00.00.00.00.00",
                "responseTs": "2018-07-27T15:11:59.987396"
            },
            {
                "request": "00.00.0d.02.00.00.02.01.00.00.00.00.00.00.00.00.00.00.00.00.00.00.00.00.00.00.00.00.00.00.00.00.00.00.00.00.00.16.02.06.00.00.00.00.00.00.00.00.00.00.00.00.00.00.00.00.00.00.00",
                "requestTs": "2018-07-27T15:11:59.987840",
                "confirmation": "",
                "confirmationTs": "",
                "response": "00.00.0d.82.00.00.00.00.00.00.00.00.00.00.00.00.00.00.00.00.00.00.00.00.00.00.00.00.00.00.00.00.00.00.00.00.00.00.00.00.00.00.00.00.00.00.00.00.00.00.00.00.00.00.00.00.00.00.00.00.00.00.00.00",
                "responseTs": "2018-07-27T15:12:00.976773"
            },
            {
                "request": "00.00.0d.01.00.00",
                "requestTs": "2018-07-27T15:12:00.977172",
                "confirmation": "",
                "confirmationTs": "",
                "response": "00.00.0d.81.00.00.00.00.00.00.00.00.00.00.00.00.00",
                "responseTs": "2018-07-27T15:12:01.98374"
            },
            {
                "request": "00.00.0d.02.00.00.02.01.00.00.00.00.00.00.00.00.00.00.00.00.00.00.00.00.00.00.00.00.00.00.00.00.00.00.00.00.00.16.02.06.00.00.01.00.00.00.00.00.00.00.00.00.00.00.00.00.00.00.00",
                "requestTs": "2018-07-27T15:12:01.98891",
                "confirmation": "",
                "confirmationTs": "",
                "response": "00.00.0d.82.00.00.00.00.00.00.00.00.00.00.00.00.00.00.00.00.00.00.00.00.00.00.00.00.00.00.00.00.00.00.00.00.00.00.00.00.00.00.00.00.00.00.00.00.00.00.00.00.00.00.00.00.00.00.00.00.00.00.00.00",
                "responseTs": "2018-07-27T15:12:02.88706"
            },
            {
                "request": "00.00.0d.01.00.00",
                "requestTs": "2018-07-27T15:12:02.89100",
                "confirmation": "",
                "confirmationTs": "",
                "response": "00.00.0d.81.00.00.00.00.00.00.00.00.00.00.00.00.00",
                "responseTs": "2018-07-27T15:12:02.210533"
            },
            {
                "request": "00.00.0d.02.00.00.02.01.00.00.00.00.00.00.00.00.00.00.00.00.00.00.00.00.00.00.00.00.00.00.00.00.00.00.00.00.00.16.02.06.00.00.01.00.00.00.00.00.00.00.00.00.00.00.00.00.00.00.00",
                "requestTs": "2018-07-27T15:12:02.210994",
                "confirmation": "",
                "confirmationTs": "",
                "response": "00.00.0d.82.00.00.00.00.00.00.00.00.00.00.00.00.00.00.00.00.00.00.00.00.00.00.00.00.00.00.00.00.00.00.00.00.00.00.00.00.00.00.00.00.00.00.00.00.00.00.00.00.00.00.00.00.00.00.00.00.00.00.00.00",
                "responseTs": "2018-07-27T15:12:03.205248"
            },
            {
                "request": "00.00.0d.01.00.00",
                "requestTs": "2018-07-27T15:12:03.205643",
                "confirmation": "",
                "confirmationTs": "",
                "response": "00.00.0d.81.00.00.00.00.00.00.00.00.00.00.00.00.00",
                "responseTs": "2018-07-27T15:12:03.494286"
            }
        ],
        "status": 1000,
        "statusStr": "Node device did not respond to FRC at all."
    }
}
2018-07-27 15:12:06.809
==================================

==================================
Sending to WebSocket: 2018-07-27 18:08:58.351
{
  "mType": "iqmeshNetwork_WriteTrConf",
  "data": {
    "msgId": "testIqmeshWrite",
    "repeat": 1,
    "restart": true,
    "req": {
      "deviceAddr": 0,
      "txPower": 3
    },
    "returnVerbose": true
  }
}
Received from WebSocket: 2018-07-27 18:08:58.608
{
    "mType": "iqmeshNetwork_WriteTrConf",
    "data": {
        "msgId": "testIqmeshWrite",
        "rsp": {
            "deviceAddr": 0,
            "writeSuccess": true,
            "restartNeeded": false
        },
        "raw": [
            {
                "request": "00.00.00.02.00.00",
                "requestTs": "2018-07-27T18:08:55.152169",
                "confirmation": "",
                "confirmationTs": "",
                "response": "00.00.00.82.00.00.00.42.1e.00.00.00.00.00.00.00.00.00.00.00.00.00.00.00.00.00.00.00.00.00.00.00.00.00.00.00.00.00.00.00",
                "responseTs": "2018-07-27T18:08:55.187399"
            },
            {
                "request": "00.00.02.09.00.00.08.03.ff",
                "requestTs": "2018-07-27T18:08:55.188019",
                "confirmation": "",
                "confirmationTs": "",
                "response": "00.00.02.89.00.00.00.42",
                "responseTs": "2018-07-27T18:08:55.319028"
            }
        ],
        "status": 0,
        "statusStr": "ok"
    }
}
2018-07-27 18:08:59.113
==================================

==================================
Sending to WebSocket: 2018-07-27 18:09:17.369
{
  "mType": "iqmeshNetwork_WriteTrConf",
  "data": {
    "msgId": "testIqmeshWrite",
    "repeat": 1,
    "restart": true,
    "req": {
      "deviceAddr": 0,
      "txPower": 3,
      "rxFilter": 5
    },
    "returnVerbose": true
  }
}
Received from WebSocket: 2018-07-27 18:09:17.655
{
    "mType": "iqmeshNetwork_WriteTrConf",
    "data": {
        "msgId": "testIqmeshWrite",
        "rsp": {
            "deviceAddr": 0,
            "writeSuccess": true,
            "restartNeeded": true
        },
        "raw": [
            {
                "request": "00.00.00.02.00.00",
                "requestTs": "2018-07-27T18:09:14.173023",
                "confirmation": "",
                "confirmationTs": "",
                "response": "00.00.00.82.00.00.00.42.1e.00.00.00.00.00.00.00.00.00.00.00.00.00.00.00.00.00.00.00.00.00.00.00.00.00.00.00.00.00.00.00",
                "responseTs": "2018-07-27T18:09:14.208553"
            },
            {
                "request": "00.00.02.09.00.00.08.03.ff.09.05.ff",
                "requestTs": "2018-07-27T18:09:14.209068",
                "confirmation": "",
                "confirmationTs": "",
                "response": "00.00.02.89.00.00.00.42",
                "responseTs": "2018-07-27T18:09:14.349326"
            }
        ],
        "status": 0,
        "statusStr": "ok"
    }
}
2018-07-27 18:09:18.133
==================================

==================================
Sending to WebSocket: 2018-07-27 18:11:27.406
{
  "mType": "iqmeshNetwork_WriteTrConf",
  "data": {
    "msgId": "testIqmeshWrite",
    "repeat": 1,
    "restart": true,
    "req": {
      "deviceAddr": 1,
      "txPower": 3,
      "rxFilter": 5
    },
    "returnVerbose": true
  }
}
Received from WebSocket: 2018-07-27 18:11:29.772
{
    "mType": "iqmeshNetwork_WriteTrConf",
    "data": {
        "msgId": "testIqmeshWrite",
        "rsp": {
            "deviceAddr": 1,
            "writeSuccess": false,
            "restartNeeded": true
        },
        "raw": [
            {
                "request": "00.00.00.02.00.00",
                "requestTs": "2018-07-27T18:11:24.210630",
                "confirmation": "",
                "confirmationTs": "",
                "response": "00.00.00.82.00.00.00.42.1e.00.00.00.00.00.00.00.00.00.00.00.00.00.00.00.00.00.00.00.00.00.00.00.00.00.00.00.00.00.00.00",
                "responseTs": "2018-07-27T18:11:24.246225"
            },
            {
                "request": "00.00.0d.02.00.00.02.02.00.00.00.00.00.00.00.00.00.00.00.00.00.00.00.00.00.00.00.00.00.00.00.00.00.00.00.00.00.0b.02.09.00.00.08.03.ff.09.05.ff",
                "requestTs": "2018-07-27T18:11:24.246807",
                "confirmation": "",
                "confirmationTs": "",
                "response": "00.00.0d.82.00.00.00.42.01.00.00.00.00.00.00.00.00.00.00.00.00.00.00.00.00.00.00.00.00.00.00.00.00.00.00.00.00.00.00.00.00.02.00.00.00.00.00.00.00.00.00.00.00.00.00.00.00.00.00.00.00.00.00.00",
                "responseTs": "2018-07-27T18:11:25.234257"
            },
            {
                "request": "00.00.0d.01.00.00",
                "requestTs": "2018-07-27T18:11:25.234704",
                "confirmation": "",
                "confirmationTs": "",
                "response": "00.00.0d.81.00.00.00.42.00.00.00.00.00.00.00.00.00",
                "responseTs": "2018-07-27T18:11:25.356446"
            },
            {
                "request": "00.00.0d.02.00.00.02.02.00.00.00.00.00.00.00.00.00.00.00.00.00.00.00.00.00.00.00.00.00.00.00.00.00.00.00.00.00.0b.02.09.00.00.08.03.ff.09.05.ff",
                "requestTs": "2018-07-27T18:11:25.357063",
                "confirmation": "",
                "confirmationTs": "",
                "response": "00.00.0d.82.00.00.00.42.01.00.00.00.00.00.00.00.00.00.00.00.00.00.00.00.00.00.00.00.00.00.00.00.00.00.00.00.00.00.00.00.00.02.00.00.00.00.00.00.00.00.00.00.00.00.00.00.00.00.00.00.00.00.00.00",
                "responseTs": "2018-07-27T18:11:26.347379"
            },
            {
                "request": "00.00.0d.01.00.00",
                "requestTs": "2018-07-27T18:11:26.347810",
                "confirmation": "",
                "confirmationTs": "",
                "response": "00.00.0d.81.00.00.00.42.00.00.00.00.00.00.00.00.00",
                "responseTs": "2018-07-27T18:11:26.468706"
            }
        ],
        "status": 1000,
        "statusStr": "HWPID did not match HWPID of the device."
    }
}
2018-07-27 18:11:30.179
==================================

==================================
Sending to WebSocket: 2018-07-30 12:46:38.039
{
  "mType": "iqmeshNetwork_WriteTrConf",
  "data": {
    "msgId": "testIqmeshWrite",
    "repeat": 1,
    "restart": true,
    "req": {
      "deviceAddr": 1,
      "txPower": 3,
      "rxFilter": 5
    },
    "returnVerbose": true
  }
}
Received from WebSocket: 2018-07-30 12:46:39.491
{
    "mType": "iqmeshNetwork_WriteTrConf",
    "data": {
        "msgId": "testIqmeshWrite",
        "rsp": {
            "deviceAddr": 1,
            "writeSuccess": true,
            "restartNeeded": true
        },
        "raw": [
            {
                "request": "00.00.00.02.ff.ff",
                "requestTs": "2018-07-30T12:46:34.302111",
                "confirmation": "",
                "confirmationTs": "",
                "response": "00.00.00.82.00.00.00.00.1e.00.00.00.00.00.00.00.00.00.00.00.00.00.00.00.00.00.00.00.00.00.00.00.00.00.00.00.00.00.00.00",
                "responseTs": "2018-07-30T12:46:34.328795"
            },
            {
                "request": "00.00.0d.02.ff.ff.02.02.00.00.00.00.00.00.00.00.00.00.00.00.00.00.00.00.00.00.00.00.00.00.00.00.00.00.00.00.00.0b.02.09.ff.ff.08.03.ff.09.05.ff",
                "requestTs": "2018-07-30T12:46:34.329490",
                "confirmation": "",
                "confirmationTs": "",
                "response": "00.00.0d.82.00.00.00.00.01.02.00.00.00.00.00.00.00.00.00.00.00.00.00.00.00.00.00.00.00.00.00.00.00.00.00.00.00.00.00.00.00.00.00.00.00.00.00.00.00.00.00.00.00.00.00.00.00.00.00.00.00.00.00.00",
                "responseTs": "2018-07-30T12:46:35.327410"
            },
            {
                "request": "00.00.0d.01.ff.ff",
                "requestTs": "2018-07-30T12:46:35.327845",
                "confirmation": "",
                "confirmationTs": "",
                "response": "00.00.0d.81.00.00.00.00.00.00.00.00.00.00.00.00.00",
                "responseTs": "2018-07-30T12:46:35.458978"
            }
        ],
        "status": 0,
        "statusStr": "ok"
    }
}
2018-07-30 12:46:39.898
==================================

==================================
Sending to WebSocket: 2018-07-30 12:47:28.031
{
  "mType": "iqmeshNetwork_WriteTrConf",
  "data": {
    "msgId": "testIqmeshWrite",
    "repeat": 1,
    "restart": true,
    "req": {
      "deviceAddr": 1,
      "txPower": 7,
      "rxFilter": 10
    },
    "returnVerbose": true
  }
}
Received from WebSocket: 2018-07-30 12:47:29.264
{
    "mType": "iqmeshNetwork_WriteTrConf",
    "data": {
        "msgId": "testIqmeshWrite",
        "rsp": {
            "deviceAddr": 1,
            "writeSuccess": true,
            "restartNeeded": true
        },
        "raw": [
            {
                "request": "00.00.00.02.ff.ff",
                "requestTs": "2018-07-30T12:47:24.92536",
                "confirmation": "",
                "confirmationTs": "",
                "response": "00.00.00.82.00.00.00.00.1e.00.00.00.00.00.00.00.00.00.00.00.00.00.00.00.00.00.00.00.00.00.00.00.00.00.00.00.00.00.00.00",
                "responseTs": "2018-07-30T12:47:24.127470"
            },
            {
                "request": "00.00.0d.02.ff.ff.02.02.00.00.00.00.00.00.00.00.00.00.00.00.00.00.00.00.00.00.00.00.00.00.00.00.00.00.00.00.00.0b.02.09.ff.ff.08.07.ff.09.0a.ff",
                "requestTs": "2018-07-30T12:47:24.128138",
                "confirmation": "",
                "confirmationTs": "",
                "response": "00.00.0d.82.00.00.00.00.01.02.00.00.00.00.00.00.00.00.00.00.00.00.00.00.00.00.00.00.00.00.00.00.00.00.00.00.00.00.00.00.00.00.00.00.00.00.00.00.00.00.00.00.00.00.00.00.00.00.00.00.00.00.00.00",
                "responseTs": "2018-07-30T12:47:25.117275"
            },
            {
                "request": "00.00.0d.01.ff.ff",
                "requestTs": "2018-07-30T12:47:25.117883",
                "confirmation": "",
                "confirmationTs": "",
                "response": "00.00.0d.81.00.00.00.00.00.00.00.00.00.00.00.00.00",
                "responseTs": "2018-07-30T12:47:25.248034"
            }
        ],
        "status": 0,
        "statusStr": "ok"
    }
}
2018-07-30 12:47:29.686
==================================

==================================
Sending to WebSocket: 2018-07-30 12:50:15.55
{
  "mType": "iqmeshNetwork_WriteTrConf",
  "data": {
    "msgId": "testIqmeshWrite",
    "repeat": 1,
    "restart": true,
    "req": {
      "deviceAddr": 1,
      "txPower": 3,
      "rxFilter": 5
    },
    "returnVerbose": true
  }
}
Received from WebSocket: 2018-07-30 12:50:16.789
{
    "mType": "iqmeshNetwork_WriteTrConf",
    "data": {
        "msgId": "testIqmeshWrite",
        "rsp": {
            "deviceAddr": 1,
            "writeSuccess": true,
            "restartNeeded": true
        },
        "raw": [
            {
                "request": "00.00.00.02.ff.ff",
                "requestTs": "2018-07-30T12:50:11.642196",
                "confirmation": "",
                "confirmationTs": "",
                "response": "00.00.00.82.00.00.00.33.1e.00.00.00.00.00.00.00.00.00.00.00.00.00.00.00.00.00.00.00.00.00.00.00.00.00.00.00.00.00.37.34",
                "responseTs": "2018-07-30T12:50:11.671303"
            },
            {
                "request": "00.00.0d.02.ff.ff.02.02.00.00.00.00.00.00.00.00.00.00.00.00.00.00.00.00.00.00.00.00.00.00.00.00.00.00.00.00.00.0b.02.09.ff.ff.08.03.ff.09.05.ff",
                "requestTs": "2018-07-30T12:50:11.671836",
                "confirmation": "",
                "confirmationTs": "",
                "response": "00.00.0d.82.00.00.00.33.01.02.00.00.00.00.00.00.00.00.00.00.00.00.00.00.00.00.00.00.00.00.00.00.00.00.00.00.00.00.00.00.00.00.00.00.00.00.00.00.00.00.00.00.00.00.00.00.00.00.00.00.00.00.00.00",
                "responseTs": "2018-07-30T12:50:12.654320"
            },
            {
                "request": "00.00.0d.01.ff.ff",
                "requestTs": "2018-07-30T12:50:12.654749",
                "confirmation": "",
                "confirmationTs": "",
                "response": "00.00.0d.81.00.00.00.33.00.00.00.00.00.00.00.00.00",
                "responseTs": "2018-07-30T12:50:12.776204"
            }
        ],
        "status": 0,
        "statusStr": "ok"
    }
}
2018-07-30 12:50:17.238
==================================

