==================================
Sending to WebSocket: 2018-07-24 14:11:00.272
{
  "mType": "iqrfEmbedFrc_SetParams",
  "data": {
    "msgId": "testEmbedFrc",
    "req": {
      "nAdr": 0,
      "param": {
        "frcResponseTime": 0
      }
    },
    "returnVerbose": true
  }
}
Received from WebSocket: 2018-07-24 14:11:00.56
{
    "mType": "messageError",
    "data": {
        "msgId": "undefined",
        "rsp": {
            "wrongMsg": "{\r\n  \"mType\": \"iqrfEmbedFrc_SetParams\",\r\n  \"data\": {\r\n    \"msgId\": \"testEmbedFrc\",\r\n    \"req\": {\r\n      \"nAdr\": 0,\r\n      \"param\": {\r\n        \"frcResponseTime\": 0\r\n      }\r\n    },\r\n    \"returnVerbose\": true\r\n  }\r\n}",
            "errorStr": "Invalid request: mType=\"iqrfEmbedFrc_SetParams\" schema=\"#/properties/data/properties/req\" keyword=\"required\" message=\"#/data/req\" "
        },
        "insId": "iqrfgd2-1",
        "statusStr": "err",
        "status": -1
    }
}
2018-07-24 14:11:01.035
==================================

==================================
Sending to WebSocket: 2018-07-24 14:18:53.411
{
  "mType": "iqrfEmbedFrc_SetParams",
  "data": {
    "msgId": "testEmbedFrc",
    "req": {
      "nAdr": 0,
      "param": {
        "frcResponseTime": 0
      }
    },
    "returnVerbose": true
  }
}
Received from WebSocket: 2018-07-24 14:18:53.539
{
    "mType": "iqrfEmbedFrc_SetParams",
    "data": {
        "msgId": "testEmbedFrc",
        "rsp": {
            "nAdr": 0,
            "hwpId": 0,
            "rCode": 0,
            "dpaVal": 64,
            "result": {
                "frcResponseTime": 0
            }
        },
        "raw": {
            "request": "00.00.0d.03.ff.ff.00",
            "requestTs": "2018-07-24T14:18:52.791565",
            "confirmation": "",
            "confirmationTs": "",
            "response": "00.00.0d.83.00.00.00.40.00",
            "responseTs": "2018-07-24T14:18:52.815985"
        },
        "insId": "iqrfgd2-1",
        "statusStr": "ok",
        "status": 0
    }
}
2018-07-24 14:18:53.995
==================================

