==================================
Sending to WebSocket: 2018-07-18 15:02:22.101
{
  "mType": "iqrfLight_DecrementPower",
  "data": {
    "msgId": "testEmbedLight",
    "req": {
      "nAdr": 4,
      "param": {
        "lights": [
          {
            "index": 0,
            "power": 10
          }
        ]
      }
    },
    "returnVerbose": true
  }
}
Received from WebSocket: 2018-07-18 15:02:22.585
{
    "mType": "iqrfLight_DecrementPower",
    "data": {
        "msgId": "testEmbedLight",
        "rsp": {
            "nAdr": 4,
            "hwpId": 4098,
            "rCode": 0,
            "dpaVal": 64,
            "result": {
                "prevVals": [
                    100
                ]
            }
        },
        "raw": {
            "request": "04.00.71.02.ff.ff.01.00.00.00.0a",
            "requestTs": "2018-07-18T15:02:23.329053",
            "confirmation": "04.00.71.02.ff.ff.ff.3c.01.04.01",
            "confirmationTs": "2018-07-18T15:02:23.360926",
            "response": "04.00.71.82.02.10.00.40.64",
            "responseTs": "2018-07-18T15:02:23.482396"
        },
        "insId": "iqrfgd2-1",
        "statusStr": "ok",
        "status": 0
    }
}
2018-07-18 15:02:23.149
==================================

==================================
Sending to WebSocket: 2018-07-18 15:02:28.775
{
  "mType": "iqrfLight_DecrementPower",
  "data": {
    "msgId": "testEmbedLight",
    "req": {
      "nAdr": 4,
      "param": {
        "lights": [
          {
            "index": 0,
            "power": 10
          }
        ]
      }
    },
    "returnVerbose": true
  }
}
Received from WebSocket: 2018-07-18 15:02:29.265
{
    "mType": "iqrfLight_DecrementPower",
    "data": {
        "msgId": "testEmbedLight",
        "rsp": {
            "nAdr": 4,
            "hwpId": 4098,
            "rCode": 0,
            "dpaVal": 59,
            "result": {
                "prevVals": [
                    90
                ]
            }
        },
        "raw": {
            "request": "04.00.71.02.ff.ff.01.00.00.00.0a",
            "requestTs": "2018-07-18T15:02:30.18309",
            "confirmation": "04.00.71.02.ff.ff.ff.3c.01.04.01",
            "confirmationTs": "2018-07-18T15:02:30.48488",
            "response": "04.00.71.82.02.10.00.3b.5a",
            "responseTs": "2018-07-18T15:02:30.180082"
        },
        "insId": "iqrfgd2-1",
        "statusStr": "ok",
        "status": 0
    }
}
2018-07-18 15:02:29.804
==================================

