==================================
Sending to WebSocket: 2018-10-17 11:37:42.226
{
  "mType": "iqrfEmbedLedr_Flashing",
  "data": {
    "msgId": "testEmbedLedr",
    "req": {
      "nAdr": 1,
      "param": {}
    },
    "returnVerbose": true
  }
}
Received from WebSocket: 2018-10-17 11:37:42.692
{
    "mType": "iqrfEmbedLedr_Flashing",
    "data": {
        "msgId": "testEmbedLedr",
        "rsp": {
            "nAdr": 1,
            "hwpId": -1,
            "rCode": 0,
            "dpaVal": 0,
            "errorStr": "TypeError: undefined not callable (property 'Flashing_Request' of [object Object])"
        },
        "raw": [
            {
                "request": "",
                "requestTs": "",
                "confirmation": "",
                "confirmationTs": "",
                "response": "",
                "responseTs": ""
            }
        ],
        "insId": "iqrfgd2-1",
        "statusStr": "BAD_REQUEST",
        "status": -6
    }
}
2018-10-17 11:37:43.334
==================================

==================================
Sending to WebSocket: 2018-10-18 09:00:42.115
{
  "mType": "iqrfEmbedLedr_Flashing",
  "data": {
    "msgId": "testEmbedLedr",
    "req": {
      "nAdr": 1,
      "param": {}
    },
    "returnVerbose": true
  }
}
Received from WebSocket: 2018-10-18 09:00:42.355
{
    "mType": "iqrfEmbedLedr_Flashing",
    "data": {
        "msgId": "testEmbedLedr",
        "rsp": {
            "nAdr": 1,
            "hwpId": -1,
            "rCode": 0,
            "dpaVal": 0,
            "errorStr": "TypeError: undefined not callable (property 'Flashing_Request' of [object Object])"
        },
        "raw": [
            {
                "request": "",
                "requestTs": "",
                "confirmation": "",
                "confirmationTs": "",
                "response": "",
                "responseTs": ""
            }
        ],
        "insId": "iqrfgd2-1",
        "statusStr": "BAD_REQUEST",
        "status": -6
    }
}
2018-10-18 09:00:42.795
==================================

==================================
Sending to WebSocket: 2018-10-18 15:08:36.199
{
  "mType": "iqrfEmbedLedr_Flashing",
  "data": {
    "msgId": "testEmbedLedr",
    "req": {
      "nAdr": 1,
      "param": {}
    },
    "returnVerbose": true
  }
}
Received from WebSocket: 2018-10-18 15:08:36.692
{
    "mType": "iqrfEmbedLedr_Flashing",
    "data": {
        "msgId": "testEmbedLedr",
        "rsp": {
            "nAdr": 1,
            "hwpId": -1,
            "rCode": 0,
            "dpaVal": 0,
            "errorStr": "TypeError: undefined not callable (property 'Flashing_Request' of [object Object])"
        },
        "raw": [
            {
                "request": "",
                "requestTs": "",
                "confirmation": "",
                "confirmationTs": "",
                "response": "",
                "responseTs": ""
            }
        ],
        "insId": "iqrfgd2-1",
        "statusStr": "BAD_REQUEST",
        "status": -6
    }
}
2018-10-18 15:08:37.151
==================================

==================================
Sending to WebSocket: 2018-10-18 15:11:16.157
{
  "mType": "iqrfEmbedLedr_Flashing",
  "data": {
    "msgId": "testEmbedLedr",
    "req": {
      "nAdr": 1,
      "param": {}
    },
    "returnVerbose": true
  }
}
Received from WebSocket: 2018-10-18 15:11:16.318
{
    "mType": "iqrfEmbedLedr_Flashing",
    "data": {
        "msgId": "testEmbedLedr",
        "rsp": {
            "nAdr": 1,
            "hwpId": -1,
            "rCode": 0,
            "dpaVal": 0,
            "errorStr": "TypeError: undefined not callable (property 'Flashing_Request' of [object Object])"
        },
        "raw": [
            {
                "request": "",
                "requestTs": "",
                "confirmation": "",
                "confirmationTs": "",
                "response": "",
                "responseTs": ""
            }
        ],
        "insId": "iqrfgd2-1",
        "statusStr": "BAD_REQUEST",
        "status": -6
    }
}
2018-10-18 15:11:16.77
==================================

==================================
Sending to WebSocket: 2018-10-19 10:04:38.808
{
  "mType": "iqrfEmbedLedr_Flashing",
  "data": {
    "msgId": "testEmbedLedr",
    "req": {
      "nAdr": 1,
      "param": {}
    },
    "returnVerbose": true
  }
}
Received from WebSocket: 2018-10-19 10:04:40.008
{
    "mType": "iqrfEmbedLedr_Flashing",
    "data": {
        "msgId": "testEmbedLedr",
        "rsp": {
            "nAdr": 1,
            "hwpId": -1,
            "rCode": 0,
            "dpaVal": 0,
            "errorStr": "TypeError: undefined not callable (property 'Flashing_Request' of [object Object])"
        },
        "raw": [
            {
                "request": "",
                "requestTs": "",
                "confirmation": "",
                "confirmationTs": "",
                "response": "",
                "responseTs": ""
            }
        ],
        "insId": "iqrfgd2-1",
        "statusStr": "BAD_REQUEST",
        "status": -6
    }
}
2018-10-19 10:04:40.451
==================================

==================================
Sending to WebSocket: 2018-10-19 10:34:58.7
{
  "mType": "iqrfEmbedLedr_Flashing",
  "data": {
    "msgId": "testEmbedLedr",
    "req": {
      "nAdr": 1,
      "param": {}
    },
    "returnVerbose": true
  }
}
Received from WebSocket: 2018-10-19 10:34:58.801
{
    "mType": "iqrfEmbedLedr_Flashing",
    "data": {
        "msgId": "testEmbedLedr",
        "rsp": {
            "nAdr": 1,
            "hwpId": -1,
            "rCode": 0,
            "dpaVal": 0,
            "errorStr": "TypeError: undefined not callable (property 'Flashing_Request' of [object Object])"
        },
        "raw": [
            {
                "request": "",
                "requestTs": "",
                "confirmation": "",
                "confirmationTs": "",
                "response": "",
                "responseTs": ""
            }
        ],
        "insId": "iqrfgd2-1",
        "statusStr": "BAD_REQUEST",
        "status": -6
    }
}
2018-10-19 10:34:59.274
==================================

==================================
Sending to WebSocket: 2018-10-19 11:49:15.035
{
  "mType": "iqrfEmbedLedr_Flashing",
  "data": {
    "msgId": "testEmbedLedr",
    "req": {
      "nAdr": 1,
      "param": {}
    },
    "returnVerbose": true
  }
}
Received from WebSocket: 2018-10-19 11:49:19.344
{
    "mType": "iqrfEmbedLedr_Flashing",
    "data": {
        "msgId": "testEmbedLedr",
        "rsp": {
            "nAdr": 1,
            "hwpId": 0,
            "rCode": 0,
            "dpaVal": 78,
            "result": {}
        },
        "raw": [
            {
                "request": "01.00.06.04.ff.ff",
                "requestTs": "2018-10-19T11:49:15.265089",
                "confirmation": "01.00.06.04.ff.ff.ff.00.0d.08.0d",
                "confirmationTs": "2018-10-19T11:49:15.298536",
                "response": "01.00.06.84.00.00.00.4e",
                "responseTs": "2018-10-19T11:49:16.520077"
            }
        ],
        "insId": "iqrfgd2-1",
        "statusStr": "ok",
        "status": 0
    }
}
2018-10-19 11:49:19.776
==================================

