==================================
Sending to WebSocket: 2018-07-16 17:30:58.544
{
  "mType": "iqrfEmbedOs_Reset",
  "data": {
    "msgId": "testEmbedOs",
    "req": {
      "nAdr": 1,
      "param": {}
    },
    "returnVerbose": true
  }
}
Received from WebSocket: 2018-07-16 17:30:59.094
{
    "mType": "iqrfEmbedOs_Reset",
    "data": {
        "msgId": "testEmbedOs",
        "rsp": {
            "nAdr": 1,
            "hwpId": 2,
            "rCode": 0,
            "dpaVal": 63,
            "result": {}
        },
        "raw": {
            "request": "01.00.02.01.ff.ff",
            "requestTs": "2018-07-16T17:31:00.355796",
            "confirmation": "01.00.02.01.ff.ff.ff.38.01.04.01",
            "confirmationTs": "2018-07-16T17:31:00.384660",
            "response": "01.00.02.81.02.00.00.3f",
            "responseTs": "2018-07-16T17:31:00.516942"
        },
        "insId": "iqrfgd2-1",
        "statusStr": "ok",
        "status": 0
    }
}
2018-07-16 17:30:59.688
==================================

