==================================
Sending to WebSocket: 2018-07-17 16:26:07.668
{
  "mType": "iqrfEmbedEeprom_Write",
  "data": {
    "msgId": "testEmbedEeprom",
    "req": {
      "nAdr": 1,
      "param": {
        "address": 0,
        "pData": [
          0,
          1,
          2,
          3,
          4
        ]
      }
    },
    "returnVerbose": true
  }
}
Received from WebSocket: 2018-07-17 16:26:08.139
{
    "mType": "iqrfEmbedEeprom_Write",
    "data": {
        "msgId": "testEmbedEeprom",
        "rsp": {
            "nAdr": 1,
            "hwpId": 2,
            "rCode": 0,
            "dpaVal": 77,
            "result": {}
        },
        "raw": {
            "request": "01.00.03.01.ff.ff.00.00.01.02.03.04",
            "requestTs": "2018-07-17T16:26:08.93879",
            "confirmation": "01.00.03.01.ff.ff.ff.3c.01.04.01",
            "confirmationTs": "2018-07-17T16:26:08.126510",
            "response": "01.00.03.81.02.00.00.4d",
            "responseTs": "2018-07-17T16:26:08.258281"
        },
        "insId": "iqrfgd2-1",
        "statusStr": "ok",
        "status": 0
    }
}
2018-07-17 16:26:08.649
==================================

==================================
Sending to WebSocket: 2018-07-17 16:26:41.716
{
  "mType": "iqrfEmbedEeprom_Write",
  "data": {
    "msgId": "testEmbedEeprom",
    "req": {
      "nAdr": 1,
      "param": {
        "address": 0,
        "pData": [
          0,
          1,
          2,
          3,
          4
        ]
      }
    },
    "returnVerbose": true
  }
}
Received from WebSocket: 2018-07-17 16:26:42.317
{
    "mType": "iqrfEmbedEeprom_Write",
    "data": {
        "msgId": "testEmbedEeprom",
        "rsp": {
            "nAdr": 1,
            "hwpId": 2,
            "rCode": 0,
            "dpaVal": 76,
            "result": {}
        },
        "raw": {
            "request": "01.00.03.01.ff.ff.00.00.01.02.03.04",
            "requestTs": "2018-07-17T16:26:42.149712",
            "confirmation": "01.00.03.01.ff.ff.ff.3a.01.04.01",
            "confirmationTs": "2018-07-17T16:26:42.184894",
            "response": "01.00.03.81.02.00.00.4c",
            "responseTs": "2018-07-17T16:26:42.311569"
        },
        "insId": "iqrfgd2-1",
        "statusStr": "ok",
        "status": 0
    }
}
2018-07-17 16:26:42.864
==================================

==================================
Sending to WebSocket: 2018-07-17 16:27:09.866
{
  "mType": "iqrfEmbedEeprom_Write",
  "data": {
    "msgId": "testEmbedEeprom",
    "req": {
      "nAdr": 1,
      "param": {
        "address": 0,
        "pData": [
          0,
          1,
          2,
          3,
          4
        ]
      }
    },
    "returnVerbose": true
  }
}
Received from WebSocket: 2018-07-17 16:27:10.486
{
    "mType": "iqrfEmbedEeprom_Write",
    "data": {
        "msgId": "testEmbedEeprom",
        "rsp": {
            "nAdr": 1,
            "hwpId": 2,
            "rCode": 0,
            "dpaVal": 76,
            "result": {}
        },
        "raw": {
            "request": "01.00.03.01.ff.ff.00.00.01.02.03.04",
            "requestTs": "2018-07-17T16:27:10.300100",
            "confirmation": "01.00.03.01.ff.ff.ff.3b.01.04.01",
            "confirmationTs": "2018-07-17T16:27:10.334747",
            "response": "01.00.03.81.02.00.00.4c",
            "responseTs": "2018-07-17T16:27:10.460256"
        },
        "insId": "iqrfgd2-1",
        "statusStr": "ok",
        "status": 0
    }
}
2018-07-17 16:27:10.957
==================================

