==================================
Sending to WebSocket: 2018-07-18 14:51:19.681
{
  "mType": "iqrfLight_SetPower",
  "data": {
    "msgId": "testEmbedLight",
    "req": {
      "nAdr": 4,
      "param": {
        "lights": [
          {
            "index": 0,
            "power": 100,
            "time": 10
          }
        ]
      }
    },
    "returnVerbose": true
  }
}
Received from WebSocket: 2018-07-18 14:51:20.15
{
    "mType": "iqrfLight_SetPower",
    "data": {
        "msgId": "testEmbedLight",
        "rsp": {
            "nAdr": 4,
            "hwpId": 4098,
            "rCode": 0,
            "dpaVal": 64,
            "result": {
                "prevVals": [
                    0
                ]
            }
        },
        "raw": {
            "request": "04.00.71.00.ff.ff.01.00.00.00.e4.8a",
            "requestTs": "2018-07-18T14:51:20.931333",
            "confirmation": "04.00.71.00.ff.ff.ff.3e.01.04.01",
            "confirmationTs": "2018-07-18T14:51:20.961233",
            "response": "04.00.71.80.02.10.00.40.00",
            "responseTs": "2018-07-18T14:51:21.93287"
        },
        "insId": "iqrfgd2-1",
        "statusStr": "ok",
        "status": 0
    }
}
2018-07-18 14:51:20.648
==================================

==================================
Sending to WebSocket: 2018-07-18 14:53:14.849
{
  "mType": "iqrfLight_SetPower",
  "data": {
    "msgId": "testEmbedLight",
    "req": {
      "nAdr": 4,
      "param": {
        "lights": [
          {
            "index": 0,
            "power": 100,
            "time": 10
          }
        ]
      }
    },
    "returnVerbose": true
  }
}
Received from WebSocket: 2018-07-18 14:53:15.314
{
    "mType": "iqrfLight_SetPower",
    "data": {
        "msgId": "testEmbedLight",
        "rsp": {
            "nAdr": 4,
            "hwpId": 4098,
            "rCode": 0,
            "dpaVal": 62,
            "result": {
                "prevVals": [
                    0
                ]
            }
        },
        "raw": {
            "request": "04.00.71.00.ff.ff.01.00.00.00.e4.8a",
            "requestTs": "2018-07-18T14:53:16.72756",
            "confirmation": "04.00.71.00.ff.ff.ff.3c.01.04.01",
            "confirmationTs": "2018-07-18T14:53:16.103591",
            "response": "04.00.71.80.02.10.00.3e.00",
            "responseTs": "2018-07-18T14:53:16.234963"
        },
        "insId": "iqrfgd2-1",
        "statusStr": "ok",
        "status": 0
    }
}
2018-07-18 14:53:15.742
==================================

==================================
Sending to WebSocket: 2018-07-18 14:54:37.641
{
  "mType": "iqrfLight_SetPower",
  "data": {
    "msgId": "testEmbedLight",
    "req": {
      "nAdr": 4,
      "param": {
        "lights": [
          {
            "index": 0,
            "power": 100
          }
        ]
      }
    },
    "returnVerbose": true
  }
}
Received from WebSocket: 2018-07-18 14:54:38.108
{
    "mType": "iqrfLight_SetPower",
    "data": {
        "msgId": "testEmbedLight",
        "rsp": {
            "nAdr": 4,
            "hwpId": 4098,
            "rCode": 0,
            "dpaVal": 64,
            "result": {
                "prevVals": [
                    0
                ]
            }
        },
        "raw": {
            "request": "04.00.71.00.ff.ff.01.00.00.00.64",
            "requestTs": "2018-07-18T14:54:38.862648",
            "confirmation": "04.00.71.00.ff.ff.ff.3b.01.04.01",
            "confirmationTs": "2018-07-18T14:54:38.892590",
            "response": "04.00.71.80.02.10.00.40.00",
            "responseTs": "2018-07-18T14:54:39.26946"
        },
        "insId": "iqrfgd2-1",
        "statusStr": "ok",
        "status": 0
    }
}
2018-07-18 14:54:38.541
==================================

