==================================
Sending to WebSocket: 2018-10-17 11:48:23.549
{
  "mType": "iqrfEmbedLedg_Flashing",
  "data": {
    "msgId": "testEmbedLedg",
    "req": {
      "nAdr": 1,
      "param": {}
    },
    "returnVerbose": true
  }
}
Received from WebSocket: 2018-10-17 11:48:25.091
{
    "mType": "iqrfEmbedLedg_Flashing",
    "data": {
        "msgId": "testEmbedLedg",
        "rsp": {
            "nAdr": 1,
            "hwpId": -1,
            "rCode": 0,
            "dpaVal": 0,
            "errorStr": "TypeError: undefined not callable (property 'Flashing_Request' of [object Object])"
        },
        "raw": [
            {
                "request": "",
                "requestTs": "",
                "confirmation": "",
                "confirmationTs": "",
                "response": "",
                "responseTs": ""
            }
        ],
        "insId": "iqrfgd2-1",
        "statusStr": "BAD_REQUEST",
        "status": -6
    }
}
2018-10-17 11:48:25.566
==================================

==================================
Sending to WebSocket: 2018-10-19 11:51:47.988
{
  "mType": "iqrfEmbedLedg_Flashing",
  "data": {
    "msgId": "testEmbedLedg",
    "req": {
      "nAdr": 1,
      "param": {}
    },
    "returnVerbose": true
  }
}
Received from WebSocket: 2018-10-19 11:51:52.295
{
    "mType": "iqrfEmbedLedg_Flashing",
    "data": {
        "msgId": "testEmbedLedg",
        "rsp": {
            "nAdr": 1,
            "hwpId": 0,
            "rCode": 0,
            "dpaVal": 75,
            "result": {}
        },
        "raw": [
            {
                "request": "01.00.07.04.ff.ff",
                "requestTs": "2018-10-19T11:51:47.600445",
                "confirmation": "01.00.07.04.ff.ff.ff.4b.0d.08.0d",
                "confirmationTs": "2018-10-19T11:51:47.642434",
                "response": "01.00.07.84.00.00.00.4b",
                "responseTs": "2018-10-19T11:51:48.844008"
            }
        ],
        "insId": "iqrfgd2-1",
        "statusStr": "ok",
        "status": 0
    }
}
2018-10-19 11:51:53.384
==================================

==================================
Sending to WebSocket: 2018-10-19 11:54:07.414
{
  "mType": "iqrfEmbedLedg_Flashing",
  "data": {
    "msgId": "testEmbedLedg",
    "req": {
      "nAdr": 1,
      "param": {}
    },
    "returnVerbose": true
  }
}
Received from WebSocket: 2018-10-19 11:54:11.068
{
    "mType": "iqrfEmbedLedg_Flashing",
    "data": {
        "msgId": "testEmbedLedg",
        "rsp": {
            "nAdr": 1,
            "hwpId": 0,
            "rCode": 0,
            "dpaVal": 76,
            "result": {}
        },
        "raw": [
            {
                "request": "01.00.07.04.ff.ff",
                "requestTs": "2018-10-19T11:54:06.969158",
                "confirmation": "01.00.07.04.ff.ff.ff.49.0d.08.0d",
                "confirmationTs": "2018-10-19T11:54:07.3701",
                "response": "01.00.07.84.00.00.00.4c",
                "responseTs": "2018-10-19T11:54:08.205365"
            }
        ],
        "insId": "iqrfgd2-1",
        "statusStr": "ok",
        "status": 0
    }
}
2018-10-19 11:54:11.523
==================================

==================================
Sending to WebSocket: 2018-10-19 11:57:07.524
{
  "mType": "iqrfEmbedLedg_Flashing",
  "data": {
    "msgId": "testEmbedLedg",
    "req": {
      "nAdr": 15,
      "param": {}
    },
    "returnVerbose": true
  }
}
Received from WebSocket: 2018-10-19 11:57:11.482
{
    "mType": "iqrfEmbedLedg_Flashing",
    "data": {
        "msgId": "testEmbedLedg",
        "rsp": {
            "nAdr": 15,
            "hwpId": 0,
            "rCode": 0,
            "dpaVal": 76,
            "result": {}
        },
        "raw": [
            {
                "request": "0f.00.07.04.ff.ff",
                "requestTs": "2018-10-19T11:57:07.89188",
                "confirmation": "0f.00.07.04.ff.ff.ff.4a.0e.08.0e",
                "confirmationTs": "2018-10-19T11:57:07.119983",
                "response": "0f.00.07.84.00.00.00.4c",
                "responseTs": "2018-10-19T11:57:08.416878"
            }
        ],
        "insId": "iqrfgd2-1",
        "statusStr": "ok",
        "status": 0
    }
}
2018-10-19 11:57:11.962
==================================

