==================================
Sending to WebSocket: 2018-10-19 15:46:53.567
{
  "mType": "iqrfEmbedCoordinator_SetMid",
  "data": {
    "msgId": "testEmbedCoordinator",
    "req": {
      "nAdr": 0,
      "param": {
        "bondAddr": 100,
        "mid": 0
      }
    },
    "returnVerbose": true
  }
}
Received from WebSocket: 2018-10-19 15:46:53.717
{
    "mType": "iqrfEmbedCoordinator_SetMid",
    "data": {
        "msgId": "testEmbedCoordinator",
        "rsp": {
            "nAdr": 0,
            "hwpId": -1,
            "rCode": 0,
            "dpaVal": 0,
            "errorStr": "TypeError: undefined not callable (property 'SetMid_Request' of [object Object])"
        },
        "raw": [
            {
                "request": "",
                "requestTs": "",
                "confirmation": "",
                "confirmationTs": "",
                "response": "",
                "responseTs": ""
            }
        ],
        "insId": "iqrfgd2-1",
        "statusStr": "BAD_REQUEST",
        "status": -6
    }
}
2018-10-19 15:46:54.181
==================================

==================================
Sending to WebSocket: 2018-10-22 07:23:59.008
{
  "mType": "iqrfEmbedCoordinator_SetMID",
  "data": {
    "msgId": "testEmbedCoordinator",
    "req": {
      "nAdr": 0,
      "param": {
        "bondAddr": 100,
        "mid": 0
      }
    },
    "returnVerbose": true
  }
}
Received from WebSocket: 2018-10-22 07:23:59.661
{
    "mType": "iqrfEmbedCoordinator_SetMID",
    "data": {
        "msgId": "testEmbedCoordinator",
        "rsp": {
            "nAdr": 0,
            "hwpId": -1,
            "rCode": 0,
            "dpaVal": 0,
            "errorStr": "TypeError: undefined not callable (property 'SetMID_Request' of [object Object])"
        },
        "raw": [
            {
                "request": "",
                "requestTs": "",
                "confirmation": "",
                "confirmationTs": "",
                "response": "",
                "responseTs": ""
            }
        ],
        "insId": "iqrfgd2-1",
        "statusStr": "BAD_REQUEST",
        "status": -6
    }
}
2018-10-22 07:24:00.181
==================================

==================================
Sending to WebSocket: 2018-10-22 10:01:03.208
{
  "mType": "iqrfEmbedCoordinator_SetMID",
  "data": {
    "msgId": "testEmbedCoordinator",
    "req": {
      "nAdr": 0,
      "param": {
        "bondAddr": 10,
        "mid": 0
      }
    },
    "returnVerbose": true
  }
}
Received from WebSocket: 2018-10-22 10:01:03.547
{
    "mType": "iqrfEmbedCoordinator_SetMID",
    "data": {
        "msgId": "testEmbedCoordinator",
        "rsp": {
            "nAdr": 0,
            "hwpId": 0,
            "rCode": 0,
            "dpaVal": 80,
            "result": {}
        },
        "raw": [
            {
                "request": "00.00.00.13.ff.ff.00.00.00.00.0a",
                "requestTs": "2018-10-22T10:01:02.43901",
                "confirmation": "",
                "confirmationTs": "",
                "response": "00.00.00.93.00.00.00.50",
                "responseTs": "2018-10-22T10:01:02.76845"
            }
        ],
        "insId": "iqrfgd2-1",
        "statusStr": "ok",
        "status": 0
    }
}
2018-10-22 10:01:04.086
==================================

==================================
Sending to WebSocket: 2018-10-22 10:02:31.207
{
  "mType": "iqrfEmbedCoordinator_SetMID",
  "data": {
    "msgId": "testEmbedCoordinator",
    "req": {
      "nAdr": 0,
      "param": {
        "bondAddr": 100,
        "mid": 0
      }
    },
    "returnVerbose": true
  }
}
Received from WebSocket: 2018-10-22 10:02:31.343
{
    "mType": "iqrfEmbedCoordinator_SetMID",
    "data": {
        "msgId": "testEmbedCoordinator",
        "rsp": {
            "nAdr": 0,
            "hwpId": 0,
            "rCode": 0,
            "dpaVal": 80,
            "result": {}
        },
        "raw": [
            {
                "request": "00.00.00.13.ff.ff.00.00.00.00.64",
                "requestTs": "2018-10-22T10:02:29.845683",
                "confirmation": "",
                "confirmationTs": "",
                "response": "00.00.00.93.00.00.00.50",
                "responseTs": "2018-10-22T10:02:29.875213"
            }
        ],
        "insId": "iqrfgd2-1",
        "statusStr": "ok",
        "status": 0
    }
}
2018-10-22 10:02:31.787
==================================

==================================
Sending to WebSocket: 2018-10-22 10:06:42.058
{
  "mType": "iqrfEmbedCoordinator_SetMID",
  "data": {
    "msgId": "testEmbedCoordinator",
    "req": {
      "nAdr": 0,
      "param": {
        "bondAddr": 10,
        "mid": 0
      }
    },
    "returnVerbose": true
  }
}
Received from WebSocket: 2018-10-22 10:06:45.856
{
    "mType": "iqrfEmbedCoordinator_SetMID",
    "data": {
        "msgId": "testEmbedCoordinator",
        "rsp": {
            "nAdr": 0,
            "hwpId": 0,
            "rCode": 3,
            "dpaVal": 0,
            "errorStr": "rcode error"
        },
        "raw": [
            {
                "request": "00.00.00.13.ff.ff.00.00.00.00.0a",
                "requestTs": "2018-10-22T08:06:40.755475",
                "confirmation": "",
                "confirmationTs": "",
                "response": "00.00.00.93.00.00.03.00",
                "responseTs": "2018-10-22T08:06:44.362107"
            }
        ],
        "insId": "iqrfgd2-1",
        "statusStr": "ERROR_PNUM",
        "status": 3
    }
}
2018-10-22 10:06:46.309
==================================

==================================
Sending to WebSocket: 2018-10-22 10:09:15.865
{
  "mType": "iqrfEmbedCoordinator_SetMID",
  "data": {
    "msgId": "testEmbedCoordinator",
    "req": {
      "nAdr": 0,
      "param": {
        "bondAddr": 10,
        "mid": 0
      }
    },
    "returnVerbose": true
  }
}
Received from WebSocket: 2018-10-22 10:09:16.018
{
    "mType": "iqrfEmbedCoordinator_SetMID",
    "data": {
        "msgId": "testEmbedCoordinator",
        "rsp": {
            "nAdr": 0,
            "hwpId": 0,
            "rCode": 3,
            "dpaVal": 0,
            "errorStr": "rcode error"
        },
        "raw": [
            {
                "request": "00.00.00.13.ff.ff.00.00.00.00.0a",
                "requestTs": "2018-10-22T08:09:14.501922",
                "confirmation": "",
                "confirmationTs": "",
                "response": "00.00.00.93.00.00.03.00",
                "responseTs": "2018-10-22T08:09:14.542970"
            }
        ],
        "insId": "iqrfgd2-1",
        "statusStr": "ERROR_PNUM",
        "status": 3
    }
}
2018-10-22 10:09:16.435
==================================

