==================================
Sending to WebSocket: 2018-07-14 15:59:35.358
{
  "mType": "iqrfEmbedNode_Read",
  "data": {
    "msgId": "testEmbedNode",
    "req": {
      "nAdr": 1,
      "param": {}
    },
    "returnVerbose": true
  }
}
Received from WebSocket: 2018-07-14 15:59:40.103
{
    "mType": "iqrfEmbedNode_Read",
    "data": {
        "msgId": "testEmbedNode",
        "rsp": {
            "nAdr": 1,
            "hwpId": 2,
            "rCode": 0,
            "dpaVal": 65,
            "result": {
                "readData": {
                    "ntwADDR": 1,
                    "ntwVRN": 1,
                    "ntwZIN": 1,
                    "ntwDID": 79,
                    "ntwPVRN": 0,
                    "ntwUSERADDRESS": 65535,
                    "ntwID": 22421,
                    "ntwVRNFNZ": 0,
                    "ntwCFG": 2,
                    "flags": 1
                }
            }
        },
        "raw": {
            "request": "01.00.01.00.ff.ff",
            "requestTs": "2018-07-14T15:59:39.496409",
            "confirmation": "01.00.01.00.ff.ff.ff.39.01.04.01",
            "confirmationTs": "2018-07-14T15:59:39.695712",
            "response": "01.00.01.80.02.00.00.41.01.01.01.4f.00.ff.ff.95.57.00.02.01",
            "responseTs": "2018-07-14T15:59:39.746574"
        },
        "insId": "iqrfgd2-1",
        "statusStr": "ok",
        "status": 0
    }
}
2018-07-14 15:59:40.558
==================================

==================================
Sending to WebSocket: 2018-07-14 17:07:59.416
{
  "mType": "iqrfEmbedNode_Read",
  "data": {
    "msgId": "testEmbedNode",
    "req": {
      "nAdr": 1,
      "param": {}
    },
    "returnVerbose": true
  }
}
Received from WebSocket: 2018-07-14 17:07:59.937
{
    "mType": "iqrfEmbedNode_Read",
    "data": {
        "msgId": "testEmbedNode",
        "rsp": {
            "nAdr": 1,
            "hwpId": 2,
            "rCode": 0,
            "dpaVal": 61,
            "result": {
                "readData": {
                    "ntwADDR": 1,
                    "ntwVRN": 1,
                    "ntwZIN": 1,
                    "ntwDID": 79,
                    "ntwPVRN": 0,
                    "ntwUSERADDRESS": 65535,
                    "ntwID": 22421,
                    "ntwVRNFNZ": 0,
                    "ntwCFG": 2,
                    "flags": 1
                }
            }
        },
        "raw": {
            "request": "01.00.01.00.ff.ff",
            "requestTs": "2018-07-14T17:07:59.493296",
            "confirmation": "01.00.01.00.ff.ff.ff.38.01.04.01",
            "confirmationTs": "2018-07-14T17:07:59.529617",
            "response": "01.00.01.80.02.00.00.3d.01.01.01.4f.00.ff.ff.95.57.00.02.01",
            "responseTs": "2018-07-14T17:07:59.659641"
        },
        "insId": "iqrfgd2-1",
        "statusStr": "ok",
        "status": 0
    }
}
2018-07-14 17:08:00.342
==================================

==================================
Sending to WebSocket: 2018-07-14 17:22:39.488
{
  "mType": "iqrfEmbedNode_Read",
  "data": {
    "msgId": "testEmbedNode",
    "req": {
      "nAdr": 1,
      "param": {}
    },
    "returnVerbose": true
  }
}
Received from WebSocket: 2018-07-14 17:22:39.982
{
    "mType": "iqrfEmbedNode_Read",
    "data": {
        "msgId": "testEmbedNode",
        "rsp": {
            "nAdr": 1,
            "hwpId": 2,
            "rCode": 0,
            "dpaVal": 60,
            "result": {
                "ntwADDR": 1,
                "ntwVRN": 1,
                "ntwZIN": 1,
                "ntwDID": 79,
                "ntwPVRN": 0,
                "ntwUSERADDRESS": 65535,
                "ntwID": 22421,
                "ntwVRNFNZ": 0,
                "ntwCFG": 2,
                "flags": 1
            }
        },
        "raw": {
            "request": "01.00.01.00.ff.ff",
            "requestTs": "2018-07-14T17:22:39.549918",
            "confirmation": "01.00.01.00.ff.ff.ff.36.01.04.01",
            "confirmationTs": "2018-07-14T17:22:39.580366",
            "response": "01.00.01.80.02.00.00.3c.01.01.01.4f.00.ff.ff.95.57.00.02.01",
            "responseTs": "2018-07-14T17:22:39.715780"
        },
        "insId": "iqrfgd2-1",
        "statusStr": "ok",
        "status": 0
    }
}
2018-07-14 17:22:40.407
==================================

==================================
Sending to WebSocket: 2018-07-14 17:37:49.79
{
  "mType": "iqrfEmbedNode_Read",
  "data": {
    "msgId": "testEmbedNode",
    "req": {
      "nAdr": 1,
      "param": {}
    },
    "returnVerbose": true
  }
}
Received from WebSocket: 2018-07-14 17:37:50.251
{
    "mType": "iqrfEmbedNode_Read",
    "data": {
        "msgId": "testEmbedNode",
        "rsp": {
            "nAdr": 1,
            "hwpId": 2,
            "rCode": 0,
            "dpaVal": 62,
            "result": {
                "ntwADDR": 1,
                "ntwVRN": 1,
                "ntwZIN": 1,
                "ntwDID": 79,
                "ntwPVRN": 0,
                "ntwUSERADDRESS": 65535,
                "ntwID": 22421,
                "ntwVRNFNZ": 0,
                "ntwCFG": 2,
                "flags": 1
            }
        },
        "raw": {
            "request": "01.00.01.00.ff.ff",
            "requestTs": "2018-07-14T17:37:49.832024",
            "confirmation": "01.00.01.00.ff.ff.ff.36.01.04.01",
            "confirmationTs": "2018-07-14T17:37:49.856610",
            "response": "01.00.01.80.02.00.00.3e.01.01.01.4f.00.ff.ff.95.57.00.02.01",
            "responseTs": "2018-07-14T17:37:50.2437"
        },
        "insId": "iqrfgd2-1",
        "statusStr": "ok",
        "status": 0
    }
}
2018-07-14 17:37:50.781
==================================

