==================================
Sending to WebSocket: 2018-07-07 19:35:33.508
{
  "mType": "iqrfEmbedCoordinator_AuthorizeBond",
  "data": {
    "msgId": "testEmbedCoordinator",
    "timeout": 1000,
    "req": {
      "nAdr": 0,
      "param": {
        "reqAddr": 5,
        "mid": 0
      }
    },
    "returnVerbose": true
  }
}
Received from WebSocket: 2018-07-07 19:35:33.977
{
    "mType": "iqrfEmbedCoordinator_AuthorizeBond",
    "data": {
        "msgId": "testEmbedCoordinator",
        "timeout": 1000,
        "rsp": {
            "nAdr": 0,
            "hwpId": 0,
            "rCode": 0,
            "dpaVal": 64,
            "errorStr": "Error: iqrf.CheckResponsePnumPcmdDlen: Invalid response length=2, expected 0"
        },
        "raw": {
            "request": "00.00.00.0d.ff.ff.05.00.00.00.00",
            "requestTs": "2018-07-07T19:35:33.934383",
            "confirmation": "",
            "confirmationTs": "",
            "response": "00.00.00.8d.00.00.00.40.05.05",
            "responseTs": "2018-07-07T19:35:34.230775"
        },
        "insId": "iqrfgd2-1",
        "statusStr": "BAD_RESPONSE",
        "status": -7
    }
}
2018-07-07 19:35:34.439
==================================

==================================
Sending to WebSocket: 2018-07-07 19:36:26.442
{
  "mType": "iqrfEmbedCoordinator_AuthorizeBond",
  "data": {
    "msgId": "testEmbedCoordinator",
    "timeout": 1000,
    "req": {
      "nAdr": 0,
      "param": {
        "reqAddr": 5
      }
    },
    "returnVerbose": true
  }
}
Received from WebSocket: 2018-07-07 19:36:26.549
{
    "mType": "iqrfEmbedCoordinator_AuthorizeBond",
    "data": {
        "msgId": "testEmbedCoordinator",
        "timeout": 1000,
        "rsp": {
            "nAdr": 0,
            "hwpId": -1,
            "rCode": 0,
            "dpaVal": 0,
            "errorStr": "Error: iqrf.IntToHexStringBytesArray: Parameter value is not number but undefined"
        },
        "raw": {
            "request": "",
            "requestTs": "",
            "confirmation": "",
            "confirmationTs": "",
            "response": "",
            "responseTs": ""
        },
        "insId": "iqrfgd2-1",
        "statusStr": "BAD_REQUEST",
        "status": -6
    }
}
2018-07-07 19:36:27.011
==================================

==================================
Sending to WebSocket: 2018-07-09 12:55:40.022
{
  "mType": "iqrfEmbedCoordinator_AuthorizeBond",
  "data": {
    "msgId": "testEmbedCoordinator",
    "req": {
      "nAdr": 0,
      "param": {
        "reqAddr": 6,
        "mid": 0
      }
    },
    "returnVerbose": true
  }
}
Received from WebSocket: 2018-07-09 12:55:40.321
{
    "mType": "iqrfEmbedCoordinator_AuthorizeBond",
    "data": {
        "msgId": "testEmbedCoordinator",
        "rsp": {
            "nAdr": 0,
            "hwpId": 0,
            "rCode": 0,
            "dpaVal": 0,
            "errorStr": "Error: iqrf.CheckResponsePnumPcmdDlen: Invalid response length=2, expected 0"
        },
        "raw": {
            "request": "00.00.00.0d.ff.ff.06.00.00.00.00",
            "requestTs": "2018-07-09T12:55:42.448968",
            "confirmation": "",
            "confirmationTs": "",
            "response": "00.00.00.8d.00.00.00.00.06.01",
            "responseTs": "2018-07-09T12:55:42.588257"
        },
        "insId": "iqrfgd2-1",
        "statusStr": "BAD_RESPONSE",
        "status": -7
    }
}
2018-07-09 12:55:40.812
==================================

==================================
Sending to WebSocket: 2018-07-09 19:28:22.5
{
  "mType": "iqrfEmbedCoordinator_AuthorizeBond",
  "data": {
    "msgId": "testEmbedCoordinator",
    "req": {
      "nAdr": 0,
      "param": {
        "reqAddr": 6,
        "mid": 0
      }
    },
    "returnVerbose": true
  }
}
Received from WebSocket: 2018-07-09 19:28:23.118
{
    "mType": "iqrfEmbedCoordinator_AuthorizeBond",
    "data": {
        "msgId": "testEmbedCoordinator",
        "rsp": {
            "nAdr": 0,
            "hwpId": 0,
            "rCode": 1,
            "dpaVal": 0,
            "errorStr": "rcode error"
        },
        "raw": {
            "request": "00.00.00.0d.ff.ff.06.00.00.00.00",
            "requestTs": "2018-07-09T19:28:23.521495",
            "confirmation": "",
            "confirmationTs": "",
            "response": "00.00.00.8d.00.00.01.00",
            "responseTs": "2018-07-09T19:28:23.553160"
        },
        "insId": "iqrfgd2-1",
        "statusStr": "ERROR_FAIL",
        "status": 1
    }
}
2018-07-09 19:28:23.618
==================================

