==================================
Sending to WebSocket: 2018-07-07 20:05:30.414
{
  "mType": "iqrfEmbedCoordinator_ClearAllBonds",
  "data": {
    "msgId": "testEmbedCoordinator",
    "timeout": 1000,
    "req": {
      "nAdr": 0,
      "param": {}
    },
    "returnVerbose": true
  }
}
Received from WebSocket: 2018-07-07 20:05:30.761
{
    "mType": "iqrfEmbedCoordinator_ClearAllBonds",
    "data": {
        "msgId": "testEmbedCoordinator",
        "timeout": 1000,
        "rsp": {
            "nAdr": 0,
            "hwpId": 0,
            "rCode": 0,
            "dpaVal": 64,
            "result": {}
        },
        "raw": {
            "request": "00.00.00.03.ff.ff",
            "requestTs": "2018-07-07T20:05:30.828254",
            "confirmation": "",
            "confirmationTs": "",
            "response": "00.00.00.83.00.00.00.40",
            "responseTs": "2018-07-07T20:05:31.27243"
        },
        "insId": "iqrfgd2-1",
        "statusStr": "ok",
        "status": 0
    }
}
2018-07-07 20:05:31.207
==================================

==================================
Sending to WebSocket: 2018-07-07 20:13:14.707
{
  "mType": "iqrfEmbedCoordinator_ClearAllBonds",
  "data": {
    "msgId": "testEmbedCoordinator",
    "req": {
      "nAdr": 0,
      "param": {}
    },
    "returnVerbose": true
  }
}
Received from WebSocket: 2018-07-07 20:13:15.037
{
    "mType": "iqrfEmbedCoordinator_ClearAllBonds",
    "data": {
        "msgId": "testEmbedCoordinator",
        "rsp": {
            "nAdr": 0,
            "hwpId": 0,
            "rCode": 0,
            "dpaVal": 64,
            "result": {}
        },
        "raw": {
            "request": "00.00.00.03.ff.ff",
            "requestTs": "2018-07-07T20:13:15.112538",
            "confirmation": "",
            "confirmationTs": "",
            "response": "00.00.00.83.00.00.00.40",
            "responseTs": "2018-07-07T20:13:15.310996"
        },
        "insId": "iqrfgd2-1",
        "statusStr": "ok",
        "status": 0
    }
}
2018-07-07 20:13:15.48
==================================

==================================
Sending to WebSocket: 2018-07-11 16:20:34.148
{
  "mType": "iqrfEmbedCoordinator_ClearAllBonds",
  "data": {
    "msgId": "testEmbedCoordinator",
    "req": {
      "nAdr": 0,
      "param": {}
    },
    "returnVerbose": true
  }
}
Received from WebSocket: 2018-07-11 16:20:34.544
{
    "mType": "iqrfEmbedCoordinator_ClearAllBonds",
    "data": {
        "msgId": "testEmbedCoordinator",
        "rsp": {
            "nAdr": 0,
            "hwpId": 0,
            "rCode": 0,
            "dpaVal": 76,
            "result": {}
        },
        "raw": {
            "request": "00.00.00.03.ff.ff",
            "requestTs": "2018-07-11T16:20:33.479102",
            "confirmation": "",
            "confirmationTs": "",
            "response": "00.00.00.83.00.00.00.4c",
            "responseTs": "2018-07-11T16:20:33.722364"
        },
        "insId": "iqrfgd2-1",
        "statusStr": "ok",
        "status": 0
    }
}
2018-07-11 16:20:35.096
==================================

