==================================
Sending to WebSocket: 2018-07-09 12:49:50.629
{
  "mType": "iqrfEmbedCoordinator_SetHops",
  "data": {
    "msgId": "testEmbedCoordinator",
    "req": {
      "nAdr": 0,
      "param": {
        "requestHops": 255,
        "responseHops": 255
      }
    },
    "returnVerbose": true
  }
}
Received from WebSocket: 2018-07-09 12:49:50.757
{
    "mType": "iqrfEmbedCoordinator_SetHops",
    "data": {
        "msgId": "testEmbedCoordinator",
        "rsp": {
            "nAdr": 0,
            "hwpId": 0,
            "rCode": 0,
            "dpaVal": 0,
            "result": {
                "requestHops": 255,
                "responseHops": 255
            }
        },
        "raw": {
            "request": "00.00.00.09.ff.ff.ff.ff",
            "requestTs": "2018-07-09T12:49:53.40591",
            "confirmation": "",
            "confirmationTs": "",
            "response": "00.00.00.89.00.00.00.00.ff.ff",
            "responseTs": "2018-07-09T12:49:53.66871"
        },
        "insId": "iqrfgd2-1",
        "statusStr": "ok",
        "status": 0
    }
}
2018-07-09 12:49:51.206
==================================

