==================================
Sending to WebSocket: 2018-07-09 12:46:06.208
{
  "mType": "iqrfEmbedCoordinator_SetDpaParams",
  "data": {
    "msgId": "testEmbedCoordinator",
    "req": {
      "nAdr": 0,
      "param": {
        "dpaParam": 0
      }
    },
    "returnVerbose": true
  }
}
Received from WebSocket: 2018-07-09 12:46:06.44
{
    "mType": "iqrfEmbedCoordinator_SetDpaParams",
    "data": {
        "msgId": "testEmbedCoordinator",
        "rsp": {
            "nAdr": 0,
            "hwpId": 0,
            "rCode": 0,
            "dpaVal": 0,
            "result": {
                "prevDpaParam": 0
            }
        },
        "raw": {
            "request": "00.00.00.08.ff.ff.00",
            "requestTs": "2018-07-09T12:46:08.698736",
            "confirmation": "",
            "confirmationTs": "",
            "response": "00.00.00.88.00.00.00.00.00",
            "responseTs": "2018-07-09T12:46:08.731867"
        },
        "insId": "iqrfgd2-1",
        "statusStr": "ok",
        "status": 0
    }
}
2018-07-09 12:46:06.869
==================================

